#
# There is insufficient memory for the Java Runtime Environment to continue.
# Native memory allocation (malloc) failed to allocate 657376 bytes. Error detail: Chunk::new
# Possible reasons:
#   The system is out of physical RAM or swap space
#   This process is running with CompressedOops enabled, and the Java Heap may be blocking the growth of the native heap
# Possible solutions:
#   Reduce memory load on the system
#   Increase physical memory or swap space
#   Check if swap backing store is full
#   Decrease Java heap size (-Xmx/-Xms)
#   Decrease number of Java threads
#   Decrease Java thread stack sizes (-Xss)
#   Set larger code cache with -XX:ReservedCodeCacheSize=
#   JVM is running with Unscaled Compressed Oops mode in which the Java heap is
#     placed in the first 4GB address space. The Java Heap base address is the
#     maximum limit for the native heap growth. Please use -XX:HeapBaseMinAddress
#     to set the Java Heap base and to place the Java Heap above 4GB virtual address.
# This output file may be truncated or incomplete.
#
#  Out of Memory Error (arena.cpp:191), pid=14688, tid=20300
#
# JRE version: OpenJDK Runtime Environment Temurin-17.0.12+7 (17.0.12+7) (build 17.0.12+7)
# Java VM: OpenJDK 64-Bit Server VM Temurin-17.0.12+7 (17.0.12+7, mixed mode, tiered, compressed oops, compressed class ptrs, parallel gc, windows-amd64)
# No core dump will be written. Minidumps are not enabled by default on client versions of Windows
#

---------------  S U M M A R Y ------------

Command Line: --add-modules=ALL-SYSTEM --add-opens=java.base/java.util=ALL-UNNAMED --add-opens=java.base/java.lang=ALL-UNNAMED --add-opens=java.base/sun.nio.fs=ALL-UNNAMED -Declipse.application=org.eclipse.jdt.ls.core.id1 -Dosgi.bundles.defaultStartLevel=4 -Declipse.product=org.eclipse.jdt.ls.core.product -Djava.import.generatesMetadataFilesAtProjectRoot=false -DDetectVMInstallationsJob.disabled=true -Dfile.encoding=utf8 -XX:+UseParallelGC -XX:GCTimeRatio=4 -XX:AdaptiveSizePolicyWeight=90 -Dsun.zip.disableMemoryMapping=true -Xmx1G -Xms100m -Xlog:disable -javaagent:c:\Users\apal3\.vscode\extensions\redhat.java-1.34.0-win32-x64\lombok\lombok-1.18.33.jar c:\Users\apal3\.vscode\extensions\redhat.java-1.34.0-win32-x64\server\plugins\org.eclipse.equinox.launcher_1.6.900.v20240613-2009.jar -configuration c:\Users\apal3\AppData\Roaming\Code\User\globalStorage\redhat.java\1.34.0\config_ss_win -data c:\Users\apal3\AppData\Roaming\Code\User\workspaceStorage\16d77dc4bfb3e2b917581c5b5e4e9aac\redhat.java\ss_ws --pipe=\\.\pipe\lsp-5ce75b9de402041d83ef68b2565e9f80-sock

Host: 12th Gen Intel(R) Core(TM) i5-1235U, 12 cores, 7G,  Windows 11 , 64 bit Build 22621 (10.0.22621.3958)
Time: Sat Aug 31 23:44:06 2024 India Standard Time elapsed time: 7.190411 seconds (0d 0h 0m 7s)

---------------  T H R E A D  ---------------

Current thread (0x000001997f4eb6b0):  JavaThread "C2 CompilerThread0" daemon [_thread_in_native, id=20300, stack(0x00000073c7300000,0x00000073c7400000)]


Current CompileTask:
C2:   7190 4674       4       org.eclipse.jdt.internal.core.JarPackageFragmentRoot::initRawPackageInfo (342 bytes)

Stack: [0x00000073c7300000,0x00000073c7400000]
Native frames: (J=compiled Java code, j=interpreted, Vv=VM code, C=native code)
V  [jvm.dll+0x67f929]
V  [jvm.dll+0x8371ba]
V  [jvm.dll+0x838c7e]
V  [jvm.dll+0x8392e3]
V  [jvm.dll+0x24834f]
V  [jvm.dll+0xac9d4]
V  [jvm.dll+0xad01c]
V  [jvm.dll+0x2af96f]
V  [jvm.dll+0x5868d7]
V  [jvm.dll+0x2231c2]
V  [jvm.dll+0x2235bf]
V  [jvm.dll+0x21c6e0]
V  [jvm.dll+0x219be1]
V  [jvm.dll+0x1a58bd]
V  [jvm.dll+0x229a2d]
V  [jvm.dll+0x227bdc]
V  [jvm.dll+0x7ec1f7]
V  [jvm.dll+0x7e65dc]
V  [jvm.dll+0x67e7f7]
C  [ucrtbase.dll+0x29333]
C  [KERNEL32.DLL+0x1257d]
C  [ntdll.dll+0x5af28]


---------------  P R O C E S S  ---------------

Threads class SMR info:
_java_thread_list=0x000001991270a010, length=42, elements={
0x0000019975598e90, 0x000001997a41d020, 0x000001997a41dea0, 0x000001997a42deb0,
0x000001997f4e4000, 0x000001997f4e60a0, 0x000001997f4ea220, 0x000001997f4eb6b0,
0x000001997f4ec850, 0x000001997f4f0ef0, 0x000001997f63ce90, 0x000001990fcc0870,
0x000001991020b4f0, 0x00000199105e3ef0, 0x00000199105e46a0, 0x00000199106660d0,
0x000001997f6655c0, 0x000001991096d810, 0x000001991096cdf0, 0x000001991096af90,
0x000001991096a060, 0x000001991096a570, 0x000001991096aa80, 0x000001991096d300,
0x000001991096b4a0, 0x000001991096b9b0, 0x000001991096bec0, 0x000001991096c8e0,
0x00000199113d3e10, 0x00000199113d1590, 0x00000199113d1fb0, 0x00000199113d24c0,
0x00000199113d5c70, 0x00000199113d5760, 0x00000199113d33f0, 0x00000199113d3900,
0x00000199113d29d0, 0x00000199113d6ba0, 0x00000199113d4320, 0x00000199113d2ee0,
0x00000199113d4830, 0x00000199101fe850
}

Java Threads: ( => current thread )
  0x0000019975598e90 JavaThread "main" [_thread_blocked, id=9692, stack(0x00000073c6a00000,0x00000073c6b00000)]
  0x000001997a41d020 JavaThread "Reference Handler" daemon [_thread_blocked, id=18136, stack(0x00000073c6d00000,0x00000073c6e00000)]
  0x000001997a41dea0 JavaThread "Finalizer" daemon [_thread_blocked, id=13280, stack(0x00000073c6e00000,0x00000073c6f00000)]
  0x000001997a42deb0 JavaThread "Signal Dispatcher" daemon [_thread_blocked, id=4304, stack(0x00000073c6f00000,0x00000073c7000000)]
  0x000001997f4e4000 JavaThread "Attach Listener" daemon [_thread_blocked, id=17012, stack(0x00000073c7000000,0x00000073c7100000)]
  0x000001997f4e60a0 JavaThread "Service Thread" daemon [_thread_blocked, id=4672, stack(0x00000073c7100000,0x00000073c7200000)]
  0x000001997f4ea220 JavaThread "Monitor Deflation Thread" daemon [_thread_blocked, id=924, stack(0x00000073c7200000,0x00000073c7300000)]
=>0x000001997f4eb6b0 JavaThread "C2 CompilerThread0" daemon [_thread_in_native, id=20300, stack(0x00000073c7300000,0x00000073c7400000)]
  0x000001997f4ec850 JavaThread "C1 CompilerThread0" daemon [_thread_blocked, id=23140, stack(0x00000073c7400000,0x00000073c7500000)]
  0x000001997f4f0ef0 JavaThread "Sweeper thread" daemon [_thread_blocked, id=14872, stack(0x00000073c7500000,0x00000073c7600000)]
  0x000001997f63ce90 JavaThread "Common-Cleaner" daemon [_thread_blocked, id=29056, stack(0x00000073c7600000,0x00000073c7700000)]
  0x000001990fcc0870 JavaThread "Notification Thread" daemon [_thread_blocked, id=11304, stack(0x00000073c7800000,0x00000073c7900000)]
  0x000001991020b4f0 JavaThread "Active Thread: Equinox Container: bc3d45f7-16f4-4c50-9923-9a7d76678f7c" [_thread_blocked, id=19672, stack(0x00000073c7a00000,0x00000073c7b00000)]
  0x00000199105e3ef0 JavaThread "Framework Event Dispatcher: Equinox Container: bc3d45f7-16f4-4c50-9923-9a7d76678f7c" daemon [_thread_blocked, id=29336, stack(0x00000073c8100000,0x00000073c8200000)]
  0x00000199105e46a0 JavaThread "Start Level: Equinox Container: bc3d45f7-16f4-4c50-9923-9a7d76678f7c" daemon [_thread_blocked, id=33220, stack(0x00000073c8200000,0x00000073c8300000)]
  0x00000199106660d0 JavaThread "SCR Component Actor" daemon [_thread_blocked, id=14552, stack(0x00000073c8300000,0x00000073c8400000)]
  0x000001997f6655c0 JavaThread "SCR Component Registry" daemon [_thread_blocked, id=32840, stack(0x00000073c7700000,0x00000073c7800000)]
  0x000001991096d810 JavaThread "Worker-JM" [_thread_blocked, id=13720, stack(0x00000073c8500000,0x00000073c8600000)]
  0x000001991096cdf0 JavaThread "JNA Cleaner" daemon [_thread_blocked, id=31852, stack(0x00000073c8800000,0x00000073c8900000)]
  0x000001991096af90 JavaThread "Worker-0" [_thread_blocked, id=19592, stack(0x00000073c8900000,0x00000073c8a00000)]
  0x000001991096a060 JavaThread "Worker-1" [_thread_blocked, id=8384, stack(0x00000073c8a00000,0x00000073c8b00000)]
  0x000001991096a570 JavaThread "Thread-2" daemon [_thread_in_native, id=22760, stack(0x00000073c8c00000,0x00000073c8d00000)]
  0x000001991096aa80 JavaThread "Thread-3" daemon [_thread_in_native, id=26988, stack(0x00000073c8d00000,0x00000073c8e00000)]
  0x000001991096d300 JavaThread "Thread-4" daemon [_thread_in_native, id=21936, stack(0x00000073c8e00000,0x00000073c8f00000)]
  0x000001991096b4a0 JavaThread "Thread-5" daemon [_thread_in_native, id=19992, stack(0x00000073c8f00000,0x00000073c9000000)]
  0x000001991096b9b0 JavaThread "Thread-6" daemon [_thread_in_native, id=32048, stack(0x00000073c9000000,0x00000073c9100000)]
  0x000001991096bec0 JavaThread "Thread-7" daemon [_thread_in_native, id=19916, stack(0x00000073c9100000,0x00000073c9200000)]
  0x000001991096c8e0 JavaThread "Thread-8" daemon [_thread_in_native, id=18380, stack(0x00000073c9200000,0x00000073c9300000)]
  0x00000199113d3e10 JavaThread "Thread-9" daemon [_thread_in_native, id=24756, stack(0x00000073c9300000,0x00000073c9400000)]
  0x00000199113d1590 JavaThread "Thread-10" daemon [_thread_in_native, id=27804, stack(0x00000073c9400000,0x00000073c9500000)]
  0x00000199113d1fb0 JavaThread "Thread-11" daemon [_thread_in_native, id=20528, stack(0x00000073c9500000,0x00000073c9600000)]
  0x00000199113d24c0 JavaThread "Thread-12" daemon [_thread_in_native, id=14204, stack(0x00000073c9600000,0x00000073c9700000)]
  0x00000199113d5c70 JavaThread "Thread-13" daemon [_thread_in_native, id=12696, stack(0x00000073c9700000,0x00000073c9800000)]
  0x00000199113d5760 JavaThread "Thread-14" daemon [_thread_in_native, id=29824, stack(0x00000073c9800000,0x00000073c9900000)]
  0x00000199113d33f0 JavaThread "pool-2-thread-1" [_thread_blocked, id=13856, stack(0x00000073c9900000,0x00000073c9a00000)]
  0x00000199113d3900 JavaThread "WorkspaceEventsHandler" [_thread_blocked, id=18744, stack(0x00000073c9a00000,0x00000073c9b00000)]
  0x00000199113d29d0 JavaThread "pool-1-thread-1" [_thread_blocked, id=31672, stack(0x00000073c9b00000,0x00000073c9c00000)]
  0x00000199113d6ba0 JavaThread "ForkJoinPool.commonPool-worker-1" daemon [_thread_blocked, id=29240, stack(0x00000073c9c00000,0x00000073c9d00000)]
  0x00000199113d4320 JavaThread "ForkJoinPool.commonPool-worker-2" daemon [_thread_blocked, id=11616, stack(0x00000073c9d00000,0x00000073c9e00000)]
  0x00000199113d2ee0 JavaThread "ForkJoinPool.commonPool-worker-3" daemon [_thread_in_vm, id=17548, stack(0x00000073c9e00000,0x00000073c9f00000)]
  0x00000199113d4830 JavaThread "ForkJoinPool.commonPool-worker-4" daemon [_thread_blocked, id=25236, stack(0x00000073c9f00000,0x00000073ca000000)]
  0x00000199101fe850 JavaThread "C2 CompilerThread1" daemon [_thread_blocked, id=28336, stack(0x00000073c8b00000,0x00000073c8c00000)]

Other Threads:
  0x0000019975649ca0 VMThread "VM Thread" [stack: 0x00000073c6c00000,0x00000073c6d00000] [id=16060]
  0x000001990fcc41f0 WatcherThread [stack: 0x00000073c7900000,0x00000073c7a00000] [id=30640]
  0x00000199755ae270 GCTaskThread "GC Thread#0" [stack: 0x00000073c6b00000,0x00000073c6c00000] [id=30300]
  0x0000019910504060 GCTaskThread "GC Thread#1" [stack: 0x00000073c7b00000,0x00000073c7c00000] [id=32756]
  0x0000019910504320 GCTaskThread "GC Thread#2" [stack: 0x00000073c7c00000,0x00000073c7d00000] [id=21260]
  0x000001990febc6f0 GCTaskThread "GC Thread#3" [stack: 0x00000073c7d00000,0x00000073c7e00000] [id=23960]
  0x000001990febc9b0 GCTaskThread "GC Thread#4" [stack: 0x00000073c7e00000,0x00000073c7f00000] [id=34032]
  0x000001990febcc70 GCTaskThread "GC Thread#5" [stack: 0x00000073c7f00000,0x00000073c8000000] [id=14716]
  0x000001990feb7010 GCTaskThread "GC Thread#6" [stack: 0x00000073c8000000,0x00000073c8100000] [id=24412]
  0x000001991064ecc0 GCTaskThread "GC Thread#7" [stack: 0x00000073c8400000,0x00000073c8500000] [id=20860]
  0x0000019910988ff0 GCTaskThread "GC Thread#8" [stack: 0x00000073c8600000,0x00000073c8700000] [id=13608]
  0x00000199109892b0 GCTaskThread "GC Thread#9" [stack: 0x00000073c8700000,0x00000073c8800000] [id=8076]

Threads with active compile tasks:
C2 CompilerThread0     7225 4674       4       org.eclipse.jdt.internal.core.JarPackageFragmentRoot::initRawPackageInfo (342 bytes)

VM state: not at safepoint (normal execution)

VM Mutex/Monitor currently owned by a thread: None

Heap address: 0x00000000c0000000, size: 1024 MB, Compressed Oops mode: 32-bit

CDS archive(s) not mapped
Compressed class space mapped at: 0x0000000100000000-0x0000000140000000, reserved size: 1073741824
Narrow klass base: 0x0000000000000000, Narrow klass shift: 3, Narrow klass range: 0x140000000

GC Precious Log:
 CPUs: 12 total, 12 available
 Memory: 7863M
 Large Page Support: Disabled
 NUMA Support: Disabled
 Compressed Oops: Enabled (32-bit)
 Alignments: Space 512K, Generation 512K, Heap 2M
 Heap Min Capacity: 100M
 Heap Initial Capacity: 100M
 Heap Max Capacity: 1G
 Pre-touch: Disabled
 Parallel Workers: 10

Heap:
 PSYoungGen      total 23040K, used 4987K [0x00000000eab00000, 0x00000000ec380000, 0x0000000100000000)
  eden space 20992K, 15% used [0x00000000eab00000,0x00000000eae46db8,0x00000000ebf80000)
  from space 2048K, 79% used [0x00000000ec180000,0x00000000ec318000,0x00000000ec380000)
  to   space 2048K, 0% used [0x00000000ebf80000,0x00000000ebf80000,0x00000000ec180000)
 ParOldGen       total 68608K, used 32300K [0x00000000c0000000, 0x00000000c4300000, 0x00000000eab00000)
  object space 68608K, 47% used [0x00000000c0000000,0x00000000c1f8b018,0x00000000c4300000)
 Metaspace       used 46020K, committed 46720K, reserved 1114112K
  class space    used 4638K, committed 4928K, reserved 1048576K

Card table byte_map: [0x0000019974f30000,0x0000019975140000] _byte_map_base: 0x0000019974930000

Marking Bits: (ParMarkBitMap*) 0x00007ff9e82f58b0
 Begin Bits: [0x0000019978230000, 0x0000019979230000)
 End Bits:   [0x0000019979230000, 0x000001997a230000)

Polling page: 0x0000019973290000

Metaspace:

Usage:
  Non-class:     40.42 MB used.
      Class:      4.53 MB used.
       Both:     44.95 MB used.

Virtual space:
  Non-class space:       64.00 MB reserved,      40.88 MB ( 64%) committed,  1 nodes.
      Class space:        1.00 GB reserved,       4.81 MB ( <1%) committed,  1 nodes.
             Both:        1.06 GB reserved,      45.69 MB (  4%) committed. 

Chunk freelists:
   Non-Class:  7.05 MB
       Class:  11.19 MB
        Both:  18.24 MB

MaxMetaspaceSize: unlimited
CompressedClassSpaceSize: 1.00 GB
Initial GC threshold: 21.00 MB
Current GC threshold: 58.38 MB
CDS: off
MetaspaceReclaimPolicy: balanced
 - commit_granule_bytes: 65536.
 - commit_granule_words: 8192.
 - virtual_space_node_default_size: 8388608.
 - enlarge_chunks_in_place: 1.
 - new_chunks_are_fully_committed: 0.
 - uncommit_free_chunks: 1.
 - use_allocation_guard: 0.
 - handle_deallocations: 1.


Internal statistics:

num_allocs_failed_limit: 6.
num_arena_births: 430.
num_arena_deaths: 14.
num_vsnodes_births: 2.
num_vsnodes_deaths: 0.
num_space_committed: 731.
num_space_uncommitted: 0.
num_chunks_returned_to_freelist: 20.
num_chunks_taken_from_freelist: 1983.
num_chunk_merges: 11.
num_chunk_splits: 1270.
num_chunks_enlarged: 843.
num_inconsistent_stats: 0.

CodeHeap 'non-profiled nmethods': size=120000Kb used=2515Kb max_used=2515Kb free=117485Kb
 bounds [0x0000019907ad0000, 0x0000019907d50000, 0x000001990f000000]
CodeHeap 'profiled nmethods': size=120000Kb used=10142Kb max_used=10142Kb free=109857Kb
 bounds [0x0000019900000000, 0x00000199009f0000, 0x0000019907530000]
CodeHeap 'non-nmethods': size=5760Kb used=1331Kb max_used=1370Kb free=4428Kb
 bounds [0x0000019907530000, 0x00000199077a0000, 0x0000019907ad0000]
 total_blobs=5383 nmethods=4712 adapters=584
 compilation: enabled
              stopped_count=0, restarted_count=0
 full_count=0

Compilation events (20 events):
Event: 7.147 Thread 0x000001997f4ec850 4702   !   3       org.eclipse.jdt.internal.core.JavaProject::getOption (43 bytes)
Event: 7.148 Thread 0x000001997f4ec850 nmethod 4702 0x00000199009daf10 code [0x00000199009db100, 0x00000199009db4f8]
Event: 7.148 Thread 0x000001997f4ec850 4703       3       org.eclipse.jdt.internal.core.JavaModelManager::getOption (113 bytes)
Event: 7.150 Thread 0x000001997f4ec850 nmethod 4703 0x00000199009db710 code [0x00000199009dbac0, 0x00000199009dd288]
Event: 7.150 Thread 0x000001997f4ec850 4704       3       org.eclipse.jdt.internal.core.JavaModelManager::isDeprecatedOption (24 bytes)
Event: 7.150 Thread 0x000001997f4ec850 nmethod 4704 0x00000199009ddb10 code [0x00000199009ddcc0, 0x00000199009ddef8]
Event: 7.151 Thread 0x00000199101fe850 nmethod 4668 0x0000019907d3d210 code [0x0000019907d3d3c0, 0x0000019907d3db08]
Event: 7.151 Thread 0x00000199101fe850 4697       4       java.lang.StringLatin1::getChars (12 bytes)
Event: 7.152 Thread 0x00000199101fe850 nmethod 4697 0x0000019907d3e090 code [0x0000019907d3e200, 0x0000019907d3e378]
Event: 7.152 Thread 0x00000199101fe850 4698       4       java.lang.String::getChars (54 bytes)
Event: 7.155 Thread 0x00000199101fe850 nmethod 4698 0x0000019907d3e410 code [0x0000019907d3e5a0, 0x0000019907d3e8f8]
Event: 7.155 Thread 0x00000199101fe850 4705       4       org.eclipse.jdt.internal.core.util.HashtableOfArrayToObject::get (69 bytes)
Event: 7.170 Thread 0x00000199101fe850 nmethod 4705 0x0000019907d3eb90 code [0x0000019907d3ed40, 0x0000019907d3f478]
Event: 7.170 Thread 0x00000199101fe850 4647       4       org.eclipse.jdt.internal.compiler.util.JRTUtil::sanitizedFileName (49 bytes)
Event: 7.177 Thread 0x000001997f4ec850 4706       3       org.eclipse.jdt.core.JavaCore::getOption (8 bytes)
Event: 7.177 Thread 0x000001997f4ec850 nmethod 4706 0x00000199009de010 code [0x00000199009de1c0, 0x00000199009de368]
Event: 7.186 Thread 0x00000199101fe850 nmethod 4647 0x0000019907d3f990 code [0x0000019907d3fb60, 0x0000019907d40428]
Event: 7.186 Thread 0x00000199101fe850 4657       4       org.eclipse.jdt.internal.core.JrtPackageFragmentRoot$1::visitModule (10 bytes)
Event: 7.188 Thread 0x00000199101fe850 nmethod 4657 0x0000019907d40a90 code [0x0000019907d40c20, 0x0000019907d40e58]
Event: 7.188 Thread 0x00000199101fe850 4604   !   4       org.eclipse.jdt.internal.compiler.parser.Scanner::getNextChar (169 bytes)

GC Heap History (20 events):
Event: 5.057 GC heap before
{Heap before GC invocations=17 (full 2):
 PSYoungGen      total 24064K, used 23744K [0x00000000eab00000, 0x00000000ec500000, 0x0000000100000000)
  eden space 22016K, 100% used [0x00000000eab00000,0x00000000ec080000,0x00000000ec080000)
  from space 2048K, 84% used [0x00000000ec300000,0x00000000ec4b0010,0x00000000ec500000)
  to   space 2048K, 0% used [0x00000000ec080000,0x00000000ec080000,0x00000000ec280000)
 ParOldGen       total 68608K, used 19194K [0x00000000c0000000, 0x00000000c4300000, 0x00000000eab00000)
  object space 68608K, 27% used [0x00000000c0000000,0x00000000c12bea48,0x00000000c4300000)
 Metaspace       used 39741K, committed 40448K, reserved 1114112K
  class space    used 4054K, committed 4352K, reserved 1048576K
}
Event: 5.059 GC heap after
{Heap after GC invocations=17 (full 2):
 PSYoungGen      total 23552K, used 1340K [0x00000000eab00000, 0x00000000ec380000, 0x0000000100000000)
  eden space 22016K, 0% used [0x00000000eab00000,0x00000000eab00000,0x00000000ec080000)
  from space 1536K, 87% used [0x00000000ec080000,0x00000000ec1cf338,0x00000000ec200000)
  to   space 1536K, 0% used [0x00000000ec200000,0x00000000ec200000,0x00000000ec380000)
 ParOldGen       total 68608K, used 20812K [0x00000000c0000000, 0x00000000c4300000, 0x00000000eab00000)
  object space 68608K, 30% used [0x00000000c0000000,0x00000000c1453108,0x00000000c4300000)
 Metaspace       used 39741K, committed 40448K, reserved 1114112K
  class space    used 4054K, committed 4352K, reserved 1048576K
}
Event: 5.632 GC heap before
{Heap before GC invocations=18 (full 2):
 PSYoungGen      total 23552K, used 23356K [0x00000000eab00000, 0x00000000ec380000, 0x0000000100000000)
  eden space 22016K, 100% used [0x00000000eab00000,0x00000000ec080000,0x00000000ec080000)
  from space 1536K, 87% used [0x00000000ec080000,0x00000000ec1cf338,0x00000000ec200000)
  to   space 1536K, 0% used [0x00000000ec200000,0x00000000ec200000,0x00000000ec380000)
 ParOldGen       total 68608K, used 20812K [0x00000000c0000000, 0x00000000c4300000, 0x00000000eab00000)
  object space 68608K, 30% used [0x00000000c0000000,0x00000000c1453108,0x00000000c4300000)
 Metaspace       used 41407K, committed 42112K, reserved 1114112K
  class space    used 4232K, committed 4544K, reserved 1048576K
}
Event: 5.634 GC heap after
{Heap after GC invocations=18 (full 2):
 PSYoungGen      total 22528K, used 480K [0x00000000eab00000, 0x00000000ec280000, 0x0000000100000000)
  eden space 22016K, 0% used [0x00000000eab00000,0x00000000eab00000,0x00000000ec080000)
  from space 512K, 93% used [0x00000000ec200000,0x00000000ec278000,0x00000000ec280000)
  to   space 1024K, 0% used [0x00000000ec080000,0x00000000ec080000,0x00000000ec180000)
 ParOldGen       total 68608K, used 22068K [0x00000000c0000000, 0x00000000c4300000, 0x00000000eab00000)
  object space 68608K, 32% used [0x00000000c0000000,0x00000000c158d2f8,0x00000000c4300000)
 Metaspace       used 41407K, committed 42112K, reserved 1114112K
  class space    used 4232K, committed 4544K, reserved 1048576K
}
Event: 5.950 GC heap before
{Heap before GC invocations=19 (full 2):
 PSYoungGen      total 22528K, used 22496K [0x00000000eab00000, 0x00000000ec280000, 0x0000000100000000)
  eden space 22016K, 100% used [0x00000000eab00000,0x00000000ec080000,0x00000000ec080000)
  from space 512K, 93% used [0x00000000ec200000,0x00000000ec278000,0x00000000ec280000)
  to   space 1024K, 0% used [0x00000000ec080000,0x00000000ec080000,0x00000000ec180000)
 ParOldGen       total 68608K, used 22068K [0x00000000c0000000, 0x00000000c4300000, 0x00000000eab00000)
  object space 68608K, 32% used [0x00000000c0000000,0x00000000c158d2f8,0x00000000c4300000)
 Metaspace       used 42572K, committed 43328K, reserved 1114112K
  class space    used 4334K, committed 4672K, reserved 1048576K
}
Event: 5.952 GC heap after
{Heap after GC invocations=19 (full 2):
 PSYoungGen      total 23040K, used 994K [0x00000000eab00000, 0x00000000ec480000, 0x0000000100000000)
  eden space 22016K, 0% used [0x00000000eab00000,0x00000000eab00000,0x00000000ec080000)
  from space 1024K, 97% used [0x00000000ec080000,0x00000000ec178968,0x00000000ec180000)
  to   space 2048K, 0% used [0x00000000ec280000,0x00000000ec280000,0x00000000ec480000)
 ParOldGen       total 68608K, used 22811K [0x00000000c0000000, 0x00000000c4300000, 0x00000000eab00000)
  object space 68608K, 33% used [0x00000000c0000000,0x00000000c1646cb8,0x00000000c4300000)
 Metaspace       used 42572K, committed 43328K, reserved 1114112K
  class space    used 4334K, committed 4672K, reserved 1048576K
}
Event: 6.033 GC heap before
{Heap before GC invocations=20 (full 2):
 PSYoungGen      total 23040K, used 23010K [0x00000000eab00000, 0x00000000ec480000, 0x0000000100000000)
  eden space 22016K, 100% used [0x00000000eab00000,0x00000000ec080000,0x00000000ec080000)
  from space 1024K, 97% used [0x00000000ec080000,0x00000000ec178968,0x00000000ec180000)
  to   space 2048K, 0% used [0x00000000ec280000,0x00000000ec280000,0x00000000ec480000)
 ParOldGen       total 68608K, used 22811K [0x00000000c0000000, 0x00000000c4300000, 0x00000000eab00000)
  object space 68608K, 33% used [0x00000000c0000000,0x00000000c1646cb8,0x00000000c4300000)
 Metaspace       used 42596K, committed 43328K, reserved 1114112K
  class space    used 4334K, committed 4672K, reserved 1048576K
}
Event: 6.035 GC heap after
{Heap after GC invocations=20 (full 2):
 PSYoungGen      total 23552K, used 1068K [0x00000000eab00000, 0x00000000ec400000, 0x0000000100000000)
  eden space 22016K, 0% used [0x00000000eab00000,0x00000000eab00000,0x00000000ec080000)
  from space 1536K, 69% used [0x00000000ec280000,0x00000000ec38b2c0,0x00000000ec400000)
  to   space 1536K, 0% used [0x00000000ec100000,0x00000000ec100000,0x00000000ec280000)
 ParOldGen       total 68608K, used 23974K [0x00000000c0000000, 0x00000000c4300000, 0x00000000eab00000)
  object space 68608K, 34% used [0x00000000c0000000,0x00000000c1769a00,0x00000000c4300000)
 Metaspace       used 42596K, committed 43328K, reserved 1114112K
  class space    used 4334K, committed 4672K, reserved 1048576K
}
Event: 6.398 GC heap before
{Heap before GC invocations=21 (full 2):
 PSYoungGen      total 23552K, used 23083K [0x00000000eab00000, 0x00000000ec400000, 0x0000000100000000)
  eden space 22016K, 99% used [0x00000000eab00000,0x00000000ec07fb28,0x00000000ec080000)
  from space 1536K, 69% used [0x00000000ec280000,0x00000000ec38b2c0,0x00000000ec400000)
  to   space 1536K, 0% used [0x00000000ec100000,0x00000000ec100000,0x00000000ec280000)
 ParOldGen       total 68608K, used 23974K [0x00000000c0000000, 0x00000000c4300000, 0x00000000eab00000)
  object space 68608K, 34% used [0x00000000c0000000,0x00000000c1769a00,0x00000000c4300000)
 Metaspace       used 44902K, committed 45760K, reserved 1114112K
  class space    used 4549K, committed 4928K, reserved 1048576K
}
Event: 6.401 GC heap after
{Heap after GC invocations=21 (full 2):
 PSYoungGen      total 23552K, used 1168K [0x00000000eab00000, 0x00000000ec380000, 0x0000000100000000)
  eden space 22016K, 0% used [0x00000000eab00000,0x00000000eab00000,0x00000000ec080000)
  from space 1536K, 76% used [0x00000000ec100000,0x00000000ec224070,0x00000000ec280000)
  to   space 1024K, 0% used [0x00000000ec280000,0x00000000ec280000,0x00000000ec380000)
 ParOldGen       total 68608K, used 24257K [0x00000000c0000000, 0x00000000c4300000, 0x00000000eab00000)
  object space 68608K, 35% used [0x00000000c0000000,0x00000000c17b0718,0x00000000c4300000)
 Metaspace       used 44902K, committed 45760K, reserved 1114112K
  class space    used 4549K, committed 4928K, reserved 1048576K
}
Event: 6.966 GC heap before
{Heap before GC invocations=22 (full 2):
 PSYoungGen      total 23552K, used 23184K [0x00000000eab00000, 0x00000000ec380000, 0x0000000100000000)
  eden space 22016K, 100% used [0x00000000eab00000,0x00000000ec080000,0x00000000ec080000)
  from space 1536K, 76% used [0x00000000ec100000,0x00000000ec224070,0x00000000ec280000)
  to   space 1024K, 0% used [0x00000000ec280000,0x00000000ec280000,0x00000000ec380000)
 ParOldGen       total 68608K, used 24257K [0x00000000c0000000, 0x00000000c4300000, 0x00000000eab00000)
  object space 68608K, 35% used [0x00000000c0000000,0x00000000c17b0718,0x00000000c4300000)
 Metaspace       used 45754K, committed 46528K, reserved 1114112K
  class space    used 4617K, committed 4928K, reserved 1048576K
}
Event: 6.971 GC heap after
{Heap after GC invocations=22 (full 2):
 PSYoungGen      total 22016K, used 992K [0x00000000eab00000, 0x00000000ec680000, 0x0000000100000000)
  eden space 20992K, 0% used [0x00000000eab00000,0x00000000eab00000,0x00000000ebf80000)
  from space 1024K, 96% used [0x00000000ec280000,0x00000000ec378020,0x00000000ec380000)
  to   space 3072K, 0% used [0x00000000ebf80000,0x00000000ebf80000,0x00000000ec280000)
 ParOldGen       total 68608K, used 25840K [0x00000000c0000000, 0x00000000c4300000, 0x00000000eab00000)
  object space 68608K, 37% used [0x00000000c0000000,0x00000000c193c3c0,0x00000000c4300000)
 Metaspace       used 45754K, committed 46528K, reserved 1114112K
  class space    used 4617K, committed 4928K, reserved 1048576K
}
Event: 7.020 GC heap before
{Heap before GC invocations=23 (full 2):
 PSYoungGen      total 22016K, used 21984K [0x00000000eab00000, 0x00000000ec680000, 0x0000000100000000)
  eden space 20992K, 100% used [0x00000000eab00000,0x00000000ebf80000,0x00000000ebf80000)
  from space 1024K, 96% used [0x00000000ec280000,0x00000000ec378020,0x00000000ec380000)
  to   space 3072K, 0% used [0x00000000ebf80000,0x00000000ebf80000,0x00000000ec280000)
 ParOldGen       total 68608K, used 25840K [0x00000000c0000000, 0x00000000c4300000, 0x00000000eab00000)
  object space 68608K, 37% used [0x00000000c0000000,0x00000000c193c3c0,0x00000000c4300000)
 Metaspace       used 45755K, committed 46528K, reserved 1114112K
  class space    used 4617K, committed 4928K, reserved 1048576K
}
Event: 7.023 GC heap after
{Heap after GC invocations=23 (full 2):
 PSYoungGen      total 23040K, used 1920K [0x00000000eab00000, 0x00000000ec480000, 0x0000000100000000)
  eden space 20992K, 0% used [0x00000000eab00000,0x00000000eab00000,0x00000000ebf80000)
  from space 2048K, 93% used [0x00000000ebf80000,0x00000000ec160000,0x00000000ec180000)
  to   space 2560K, 0% used [0x00000000ec200000,0x00000000ec200000,0x00000000ec480000)
 ParOldGen       total 68608K, used 26869K [0x00000000c0000000, 0x00000000c4300000, 0x00000000eab00000)
  object space 68608K, 39% used [0x00000000c0000000,0x00000000c1a3d788,0x00000000c4300000)
 Metaspace       used 45755K, committed 46528K, reserved 1114112K
  class space    used 4617K, committed 4928K, reserved 1048576K
}
Event: 7.071 GC heap before
{Heap before GC invocations=24 (full 2):
 PSYoungGen      total 23040K, used 22912K [0x00000000eab00000, 0x00000000ec480000, 0x0000000100000000)
  eden space 20992K, 100% used [0x00000000eab00000,0x00000000ebf80000,0x00000000ebf80000)
  from space 2048K, 93% used [0x00000000ebf80000,0x00000000ec160000,0x00000000ec180000)
  to   space 2560K, 0% used [0x00000000ec200000,0x00000000ec200000,0x00000000ec480000)
 ParOldGen       total 68608K, used 26869K [0x00000000c0000000, 0x00000000c4300000, 0x00000000eab00000)
  object space 68608K, 39% used [0x00000000c0000000,0x00000000c1a3d788,0x00000000c4300000)
 Metaspace       used 45755K, committed 46528K, reserved 1114112K
  class space    used 4617K, committed 4928K, reserved 1048576K
}
Event: 7.075 GC heap after
{Heap after GC invocations=24 (full 2):
 PSYoungGen      total 23552K, used 2272K [0x00000000eab00000, 0x00000000ec480000, 0x0000000100000000)
  eden space 20992K, 0% used [0x00000000eab00000,0x00000000eab00000,0x00000000ebf80000)
  from space 2560K, 88% used [0x00000000ec200000,0x00000000ec438010,0x00000000ec480000)
  to   space 2560K, 0% used [0x00000000ebf80000,0x00000000ebf80000,0x00000000ec200000)
 ParOldGen       total 68608K, used 28677K [0x00000000c0000000, 0x00000000c4300000, 0x00000000eab00000)
  object space 68608K, 41% used [0x00000000c0000000,0x00000000c1c01788,0x00000000c4300000)
 Metaspace       used 45755K, committed 46528K, reserved 1114112K
  class space    used 4617K, committed 4928K, reserved 1048576K
}
Event: 7.107 GC heap before
{Heap before GC invocations=25 (full 2):
 PSYoungGen      total 23552K, used 23264K [0x00000000eab00000, 0x00000000ec480000, 0x0000000100000000)
  eden space 20992K, 100% used [0x00000000eab00000,0x00000000ebf80000,0x00000000ebf80000)
  from space 2560K, 88% used [0x00000000ec200000,0x00000000ec438010,0x00000000ec480000)
  to   space 2560K, 0% used [0x00000000ebf80000,0x00000000ebf80000,0x00000000ec200000)
 ParOldGen       total 68608K, used 28677K [0x00000000c0000000, 0x00000000c4300000, 0x00000000eab00000)
  object space 68608K, 41% used [0x00000000c0000000,0x00000000c1c01788,0x00000000c4300000)
 Metaspace       used 45755K, committed 46528K, reserved 1114112K
  class space    used 4617K, committed 4928K, reserved 1048576K
}
Event: 7.110 GC heap after
{Heap after GC invocations=25 (full 2):
 PSYoungGen      total 23040K, used 1664K [0x00000000eab00000, 0x00000000ec380000, 0x0000000100000000)
  eden space 20992K, 0% used [0x00000000eab00000,0x00000000eab00000,0x00000000ebf80000)
  from space 2048K, 81% used [0x00000000ebf80000,0x00000000ec120000,0x00000000ec180000)
  to   space 2048K, 0% used [0x00000000ec180000,0x00000000ec180000,0x00000000ec380000)
 ParOldGen       total 68608K, used 30820K [0x00000000c0000000, 0x00000000c4300000, 0x00000000eab00000)
  object space 68608K, 44% used [0x00000000c0000000,0x00000000c1e19018,0x00000000c4300000)
 Metaspace       used 45755K, committed 46528K, reserved 1114112K
  class space    used 4617K, committed 4928K, reserved 1048576K
}
Event: 7.183 GC heap before
{Heap before GC invocations=26 (full 2):
 PSYoungGen      total 23040K, used 22656K [0x00000000eab00000, 0x00000000ec380000, 0x0000000100000000)
  eden space 20992K, 100% used [0x00000000eab00000,0x00000000ebf80000,0x00000000ebf80000)
  from space 2048K, 81% used [0x00000000ebf80000,0x00000000ec120000,0x00000000ec180000)
  to   space 2048K, 0% used [0x00000000ec180000,0x00000000ec180000,0x00000000ec380000)
 ParOldGen       total 68608K, used 30820K [0x00000000c0000000, 0x00000000c4300000, 0x00000000eab00000)
  object space 68608K, 44% used [0x00000000c0000000,0x00000000c1e19018,0x00000000c4300000)
 Metaspace       used 45816K, committed 46528K, reserved 1114112K
  class space    used 4625K, committed 4928K, reserved 1048576K
}
Event: 7.186 GC heap after
{Heap after GC invocations=26 (full 2):
 PSYoungGen      total 23040K, used 1632K [0x00000000eab00000, 0x00000000ec380000, 0x0000000100000000)
  eden space 20992K, 0% used [0x00000000eab00000,0x00000000eab00000,0x00000000ebf80000)
  from space 2048K, 79% used [0x00000000ec180000,0x00000000ec318000,0x00000000ec380000)
  to   space 2048K, 0% used [0x00000000ebf80000,0x00000000ebf80000,0x00000000ec180000)
 ParOldGen       total 68608K, used 32300K [0x00000000c0000000, 0x00000000c4300000, 0x00000000eab00000)
  object space 68608K, 47% used [0x00000000c0000000,0x00000000c1f8b018,0x00000000c4300000)
 Metaspace       used 45816K, committed 46528K, reserved 1114112K
  class space    used 4625K, committed 4928K, reserved 1048576K
}

Dll operation events (10 events):
Event: 0.007 Loaded shared library c:\Users\apal3\.vscode\extensions\redhat.java-1.34.0-win32-x64\jre\17.0.12-win32-x86_64\bin\java.dll
Event: 0.095 Loaded shared library c:\Users\apal3\.vscode\extensions\redhat.java-1.34.0-win32-x64\jre\17.0.12-win32-x86_64\bin\zip.dll
Event: 0.097 Loaded shared library C:\Users\apal3\.vscode\extensions\redhat.java-1.34.0-win32-x64\jre\17.0.12-win32-x86_64\bin\instrument.dll
Event: 0.105 Loaded shared library C:\Users\apal3\.vscode\extensions\redhat.java-1.34.0-win32-x64\jre\17.0.12-win32-x86_64\bin\net.dll
Event: 0.107 Loaded shared library C:\Users\apal3\.vscode\extensions\redhat.java-1.34.0-win32-x64\jre\17.0.12-win32-x86_64\bin\nio.dll
Event: 0.111 Loaded shared library C:\Users\apal3\.vscode\extensions\redhat.java-1.34.0-win32-x64\jre\17.0.12-win32-x86_64\bin\zip.dll
Event: 0.123 Loaded shared library C:\Users\apal3\.vscode\extensions\redhat.java-1.34.0-win32-x64\jre\17.0.12-win32-x86_64\bin\jimage.dll
Event: 0.162 Loaded shared library c:\Users\apal3\.vscode\extensions\redhat.java-1.34.0-win32-x64\jre\17.0.12-win32-x86_64\bin\verify.dll
Event: 1.049 Loaded shared library C:\Users\apal3\AppData\Roaming\Code\User\globalStorage\redhat.java\1.34.0\config_ss_win\org.eclipse.equinox.launcher\org.eclipse.equinox.launcher.win32.win32.x86_64_1.2.1100.v20240722-2106\eclipse_11904.dll
Event: 2.769 Loaded shared library C:\Users\apal3\AppData\Local\Temp\jna-93014745\jna14764024286570214793.dll

Deoptimization events (20 events):
Event: 6.249 Thread 0x00000199113d29d0 DEOPT PACKING pc=0x0000019907bf3f00 sp=0x00000073c9bfdfe0
Event: 6.249 Thread 0x00000199113d29d0 DEOPT UNPACKING pc=0x00000199075866a3 sp=0x00000073c9bfdf50 mode 2
Event: 6.413 Thread 0x00000199113d2ee0 DEOPT PACKING pc=0x000001990095c9c0 sp=0x00000073c9efdd70
Event: 6.413 Thread 0x00000199113d2ee0 DEOPT UNPACKING pc=0x0000019907586e43 sp=0x00000073c9efd290 mode 0
Event: 6.414 Thread 0x00000199113d2ee0 DEOPT PACKING pc=0x000001990095c9c0 sp=0x00000073c9efdd10
Event: 6.414 Thread 0x00000199113d2ee0 DEOPT UNPACKING pc=0x0000019907586e43 sp=0x00000073c9efd230 mode 0
Event: 6.972 Thread 0x00000199113d2ee0 DEOPT PACKING pc=0x00000199007791d8 sp=0x00000073c9efde80
Event: 6.972 Thread 0x00000199113d2ee0 DEOPT UNPACKING pc=0x0000019907586e43 sp=0x00000073c9efd3c0 mode 0
Event: 6.979 Thread 0x00000199113d2ee0 Uncommon trap: trap_request=0xffffff45 fr.pc=0x0000019907d28ff0 relative=0x0000000000001bf0
Event: 6.979 Thread 0x00000199113d2ee0 Uncommon trap: reason=unstable_if action=reinterpret pc=0x0000019907d28ff0 method=org.eclipse.jdt.internal.compiler.parser.Scanner.internalScanIdentifierOrKeyword(II[C)I @ 1311 c2
Event: 6.979 Thread 0x00000199113d2ee0 DEOPT PACKING pc=0x0000019907d28ff0 sp=0x00000073c9efd9c0
Event: 6.979 Thread 0x00000199113d2ee0 DEOPT UNPACKING pc=0x00000199075866a3 sp=0x00000073c9efd948 mode 2
Event: 7.000 Thread 0x00000199113d2ee0 Uncommon trap: trap_request=0x000000ec fr.pc=0x0000019907c82058 relative=0x0000000000002e78
Event: 7.000 Thread 0x00000199113d2ee0 Uncommon trap: reason=unloaded action=reinterpret pc=0x0000019907c82058 method=org.eclipse.jdt.core.JavaConventions.validateIdentifier(Ljava/lang/String;Ljava/lang/String;Ljava/lang/String;)Lorg/eclipse/core/runtime/IStatus; @ 13 c2
Event: 7.000 Thread 0x00000199113d2ee0 DEOPT PACKING pc=0x0000019907c82058 sp=0x00000073c9efdd00
Event: 7.000 Thread 0x00000199113d2ee0 DEOPT UNPACKING pc=0x00000199075866a3 sp=0x00000073c9efdbf8 mode 2
Event: 7.115 Thread 0x00000199113d2ee0 Uncommon trap: trap_request=0xffffff45 fr.pc=0x0000019907c751e0 relative=0x0000000000000620
Event: 7.115 Thread 0x00000199113d2ee0 Uncommon trap: reason=unstable_if action=reinterpret pc=0x0000019907c751e0 method=org.eclipse.jdt.internal.core.util.HashtableOfArrayToObject.get([Ljava/lang/Object;)Ljava/lang/Object; @ 64 c2
Event: 7.115 Thread 0x00000199113d2ee0 DEOPT PACKING pc=0x0000019907c751e0 sp=0x00000073c9efe250
Event: 7.115 Thread 0x00000199113d2ee0 DEOPT UNPACKING pc=0x00000199075866a3 sp=0x00000073c9efe210 mode 2

Classes loaded (20 events):
Event: 6.438 Loading class java/time/ZonedDateTime$1
Event: 6.438 Loading class java/time/ZonedDateTime$1 done
Event: 6.438 Loading class java/time/LocalDate$1
Event: 6.438 Loading class java/time/LocalDate$1 done
Event: 6.889 Loading class java/io/FileReader
Event: 6.889 Loading class java/io/FileReader done
Event: 6.891 Loading class java/lang/UnsupportedClassVersionError
Event: 6.891 Loading class java/lang/UnsupportedClassVersionError done
Event: 6.900 Loading class jdk/internal/reflect/UnsafeQualifiedStaticIntegerFieldAccessorImpl
Event: 6.901 Loading class jdk/internal/reflect/UnsafeQualifiedStaticIntegerFieldAccessorImpl done
Event: 7.120 Loading class java/util/stream/MatchOps$MatchKind
Event: 7.121 Loading class java/util/stream/MatchOps$MatchKind done
Event: 7.121 Loading class java/util/stream/MatchOps
Event: 7.121 Loading class java/util/stream/MatchOps done
Event: 7.121 Loading class java/util/stream/MatchOps$MatchOp
Event: 7.121 Loading class java/util/stream/MatchOps$MatchOp done
Event: 7.121 Loading class java/util/stream/MatchOps$BooleanTerminalSink
Event: 7.122 Loading class java/util/stream/MatchOps$BooleanTerminalSink done
Event: 7.122 Loading class java/util/stream/MatchOps$1MatchSink
Event: 7.122 Loading class java/util/stream/MatchOps$1MatchSink done

Classes unloaded (7 events):
Event: 1.854 Thread 0x0000019975649ca0 Unloading class 0x000000010021a400 'java/lang/invoke/LambdaForm$MH+0x000000010021a400'
Event: 1.854 Thread 0x0000019975649ca0 Unloading class 0x000000010021a000 'java/lang/invoke/LambdaForm$MH+0x000000010021a000'
Event: 1.854 Thread 0x0000019975649ca0 Unloading class 0x0000000100219c00 'java/lang/invoke/LambdaForm$MH+0x0000000100219c00'
Event: 1.854 Thread 0x0000019975649ca0 Unloading class 0x0000000100219800 'java/lang/invoke/LambdaForm$MH+0x0000000100219800'
Event: 1.854 Thread 0x0000019975649ca0 Unloading class 0x0000000100219400 'java/lang/invoke/LambdaForm$BMH+0x0000000100219400'
Event: 1.854 Thread 0x0000019975649ca0 Unloading class 0x0000000100219000 'java/lang/invoke/LambdaForm$DMH+0x0000000100219000'
Event: 1.854 Thread 0x0000019975649ca0 Unloading class 0x0000000100214400 'java/lang/invoke/LambdaForm$DMH+0x0000000100214400'

Classes redefined (0 events):
No events

Internal exceptions (20 events):
Event: 4.342 Thread 0x00000199113d6ba0 Exception <a 'sun/nio/fs/WindowsException'{0x00000000eb5ba448}> (0x00000000eb5ba448) 
thrown [s\src\hotspot\share\prims\jni.cpp, line 516]
Event: 4.342 Thread 0x00000199113d6ba0 Exception <a 'sun/nio/fs/WindowsException'{0x00000000eb5bad28}> (0x00000000eb5bad28) 
thrown [s\src\hotspot\share\prims\jni.cpp, line 516]
Event: 4.345 Thread 0x00000199113d6ba0 Exception <a 'java/lang/NoSuchMethodError'{0x00000000eb5cef08}: 'void java.lang.invoke.DirectMethodHandle$Holder.invokeVirtual(java.lang.Object, java.lang.Object, java.lang.Object, java.lang.Object)'> (0x00000000eb5cef08) 
thrown [s\src\hotspot\share\interpreter\linkResolver.cpp, line 759]
Event: 4.364 Thread 0x000001991096a060 Exception <a 'java/lang/NoSuchMethodError'{0x00000000eb757d10}: 'java.lang.Object java.lang.invoke.DirectMethodHandle$Holder.newInvokeSpecial(java.lang.Object, java.lang.Object, java.lang.Object, java.lang.Object, java.lang.Object, java.lang.Object)'> (0x00000000eb757d10) 
thrown [s\src\hotspot\share\interpreter\linkResolver.cpp, line 759]
Event: 4.395 Thread 0x00000199113d29d0 Exception <a 'java/lang/NoSuchMethodError'{0x00000000eb8e3e10}: 'java.lang.Object java.lang.invoke.Invokers$Holder.invoke_MT(java.lang.Object, java.lang.Object, java.lang.Object)'> (0x00000000eb8e3e10) 
thrown [s\src\hotspot\share\interpreter\linkResolver.cpp, line 759]
Event: 5.203 Thread 0x00000199113d4320 Exception <a 'java/lang/LinkageError'{0x00000000eae94020}: loader lombok.launch.ShadowClassLoader @d4d1947 attempted duplicate class definition for lombok.launch.PatchFixesHider$Transform. (lombok.launch.PatchFixesHider$Transform is in unnamed module of loader lombok.launch.ShadowClassLoader @d4d1947, parent loader org.eclipse.osgi.internal.loader.EquinoxClassLoader @44a70371)> (0x00000000eae94020) 
thrown [s\src\hotspot\share\classfile\systemDictionary.cpp, line 1723]
Event: 5.208 Thread 0x00000199113d2ee0 Exception <a 'java/lang/LinkageError'{0x00000000eaf1b370}: loader lombok.launch.ShadowClassLoader @d4d1947 attempted duplicate class definition for lombok.launch.PatchFixesHider$Transform. (lombok.launch.PatchFixesHider$Transform is in unnamed module of loader lombok.launch.ShadowClassLoader @d4d1947, parent loader org.eclipse.osgi.internal.loader.EquinoxClassLoader @44a70371)> (0x00000000eaf1b370) 
thrown [s\src\hotspot\share\classfile\systemDictionary.cpp, line 1723]
Event: 5.210 Thread 0x00000199113d29d0 Exception <a 'java/lang/LinkageError'{0x00000000ead10e18}: loader lombok.launch.ShadowClassLoader @d4d1947 attempted duplicate class definition for lombok.launch.PatchFixesHider$Transform. (lombok.launch.PatchFixesHider$Transform is in unnamed module of loader lombok.launch.ShadowClassLoader @d4d1947, parent loader org.eclipse.osgi.internal.loader.EquinoxClassLoader @44a70371)> (0x00000000ead10e18) 
thrown [s\src\hotspot\share\classfile\systemDictionary.cpp, line 1723]
Event: 5.733 Thread 0x00000199113d6ba0 Implicit null exception at 0x0000019907cc364f to 0x0000019907cc42a0
Event: 5.886 Thread 0x00000199113d2ee0 Exception <a 'java/lang/LinkageError'{0x00000000eb6ff9f8}: loader lombok.launch.ShadowClassLoader @d4d1947 attempted duplicate class definition for lombok.launch.PatchFixesHider$ValPortal. (lombok.launch.PatchFixesHider$ValPortal is in unnamed module of loader lombok.launch.ShadowClassLoader @d4d1947, parent loader org.eclipse.osgi.internal.loader.EquinoxClassLoader @44a70371)> (0x00000000eb6ff9f8) 
thrown [s\src\hotspot\share\classfile\systemDictionary.cpp, line 1723]
Event: 5.887 Thread 0x00000199113d29d0 Exception <a 'java/lang/LinkageError'{0x00000000eb747a50}: loader lombok.launch.ShadowClassLoader @d4d1947 attempted duplicate class definition for lombok.launch.PatchFixesHider$ValPortal. (lombok.launch.PatchFixesHider$ValPortal is in unnamed module of loader lombok.launch.ShadowClassLoader @d4d1947, parent loader org.eclipse.osgi.internal.loader.EquinoxClassLoader @44a70371)> (0x00000000eb747a50) 
thrown [s\src\hotspot\share\classfile\systemDictionary.cpp, line 1723]
Event: 5.887 Thread 0x00000199113d6ba0 Exception <a 'java/lang/LinkageError'{0x00000000eb699a70}: loader lombok.launch.ShadowClassLoader @d4d1947 attempted duplicate class definition for lombok.launch.PatchFixesHider$ValPortal. (lombok.launch.PatchFixesHider$ValPortal is in unnamed module of loader lombok.launch.ShadowClassLoader @d4d1947, parent loader org.eclipse.osgi.internal.loader.EquinoxClassLoader @44a70371)> (0x00000000eb699a70) 
thrown [s\src\hotspot\share\classfile\systemDictionary.cpp, line 1723]
Event: 6.216 Thread 0x00000199113d2ee0 Exception <a 'java/lang/LinkageError'{0x00000000eb85fc08}: loader lombok.launch.ShadowClassLoader @54b67302 attempted duplicate class definition for lombok.launch.PatchFixesHider$FieldInitializer. (lombok.launch.PatchFixesHider$FieldInitializer is in unnamed module of loader lombok.launch.ShadowClassLoader @54b67302, parent loader org.eclipse.osgi.internal.loader.EquinoxClassLoader @184758b7)> (0x00000000eb85fc08) 
thrown [s\src\hotspot\share\classfile\systemDictionary.cpp, line 1723]
Event: 6.217 Thread 0x00000199113d6ba0 Exception <a 'java/lang/LinkageError'{0x00000000eb88eec8}: loader lombok.launch.ShadowClassLoader @54b67302 attempted duplicate class definition for lombok.launch.PatchFixesHider$FieldInitializer. (lombok.launch.PatchFixesHider$FieldInitializer is in unnamed module of loader lombok.launch.ShadowClassLoader @54b67302, parent loader org.eclipse.osgi.internal.loader.EquinoxClassLoader @184758b7)> (0x00000000eb88eec8) 
thrown [s\src\hotspot\share\classfile\systemDictionary.cpp, line 1723]
Event: 6.218 Thread 0x00000199113d4320 Exception <a 'java/lang/LinkageError'{0x00000000eb8ba528}: loader lombok.launch.ShadowClassLoader @54b67302 attempted duplicate class definition for lombok.launch.PatchFixesHider$FieldInitializer. (lombok.launch.PatchFixesHider$FieldInitializer is in unnamed module of loader lombok.launch.ShadowClassLoader @54b67302, parent loader org.eclipse.osgi.internal.loader.EquinoxClassLoader @184758b7)> (0x00000000eb8ba528) 
thrown [s\src\hotspot\share\classfile\systemDictionary.cpp, line 1723]
Event: 6.437 Thread 0x00000199113d29d0 Exception <a 'java/lang/ClassNotFoundException'{0x00000000eacd6cb8}: sun/util/logging/resources/spi/loggingProvider> (0x00000000eacd6cb8) 
thrown [s\src\hotspot\share\classfile\systemDictionary.cpp, line 256]
Event: 6.456 Thread 0x00000199113d4320 Exception <a 'java/lang/NoSuchMethodError'{0x00000000eadc03a8}: 'int java.lang.invoke.DirectMethodHandle$Holder.invokeVirtual(java.lang.Object, java.lang.Object)'> (0x00000000eadc03a8) 
thrown [s\src\hotspot\share\interpreter\linkResolver.cpp, line 759]
Event: 6.874 Thread 0x00000199113d4320 Exception <a 'java/lang/ArrayIndexOutOfBoundsException'{0x00000000eb13d068}> (0x00000000eb13d068) 
thrown [s\src\hotspot\share\runtime\sharedRuntime.cpp, line 631]
Event: 7.120 Thread 0x00000199113d2ee0 Exception <a 'java/lang/NoSuchMethodError'{0x00000000eacb0b50}: 'int java.lang.invoke.DirectMethodHandle$Holder.invokeInterface(java.lang.Object, java.lang.Object)'> (0x00000000eacb0b50) 
thrown [s\src\hotspot\share\interpreter\linkResolver.cpp, line 759]
Event: 7.120 Thread 0x00000199113d2ee0 Exception <a 'java/lang/IncompatibleClassChangeError'{0x00000000eacb40e0}: Found class java.lang.Object, but interface was expected> (0x00000000eacb40e0) 
thrown [s\src\hotspot\share\interpreter\linkResolver.cpp, line 826]

VM Operations (20 events):
Event: 5.632 Executing VM operation: ParallelGCFailedAllocation
Event: 5.634 Executing VM operation: ParallelGCFailedAllocation done
Event: 5.950 Executing VM operation: ParallelGCFailedAllocation
Event: 5.952 Executing VM operation: ParallelGCFailedAllocation done
Event: 6.033 Executing VM operation: ParallelGCFailedAllocation
Event: 6.035 Executing VM operation: ParallelGCFailedAllocation done
Event: 6.146 Executing VM operation: HandshakeAllThreads
Event: 6.146 Executing VM operation: HandshakeAllThreads done
Event: 6.397 Executing VM operation: ParallelGCFailedAllocation
Event: 6.401 Executing VM operation: ParallelGCFailedAllocation done
Event: 6.966 Executing VM operation: ParallelGCFailedAllocation
Event: 6.971 Executing VM operation: ParallelGCFailedAllocation done
Event: 7.020 Executing VM operation: ParallelGCFailedAllocation
Event: 7.023 Executing VM operation: ParallelGCFailedAllocation done
Event: 7.071 Executing VM operation: ParallelGCFailedAllocation
Event: 7.075 Executing VM operation: ParallelGCFailedAllocation done
Event: 7.107 Executing VM operation: ParallelGCFailedAllocation
Event: 7.110 Executing VM operation: ParallelGCFailedAllocation done
Event: 7.183 Executing VM operation: ParallelGCFailedAllocation
Event: 7.186 Executing VM operation: ParallelGCFailedAllocation done

Events (20 events):
Event: 3.837 Thread 0x000001991096b9b0 Thread added: 0x000001991096b9b0
Event: 3.837 Thread 0x000001991096bec0 Thread added: 0x000001991096bec0
Event: 3.837 Thread 0x000001991096c8e0 Thread added: 0x000001991096c8e0
Event: 3.837 Thread 0x00000199113d3e10 Thread added: 0x00000199113d3e10
Event: 3.837 Thread 0x00000199113d1590 Thread added: 0x00000199113d1590
Event: 3.837 Thread 0x00000199113d1fb0 Thread added: 0x00000199113d1fb0
Event: 3.837 Thread 0x00000199113d24c0 Thread added: 0x00000199113d24c0
Event: 3.837 Thread 0x00000199113d5c70 Thread added: 0x00000199113d5c70
Event: 3.837 Thread 0x00000199113d5760 Thread added: 0x00000199113d5760
Event: 3.861 Thread 0x00000199113d33f0 Thread added: 0x00000199113d33f0
Event: 4.049 Thread 0x00000199113d3900 Thread added: 0x00000199113d3900
Event: 4.049 Thread 0x00000199113d29d0 Thread added: 0x00000199113d29d0
Event: 4.234 Thread 0x00000199113d6ba0 Thread added: 0x00000199113d6ba0
Event: 4.237 Thread 0x00000199113d4320 Thread added: 0x00000199113d4320
Event: 4.238 Thread 0x00000199113d2ee0 Thread added: 0x00000199113d2ee0
Event: 5.571 Thread 0x0000019910ab6060 Thread exited: 0x0000019910ab6060
Event: 5.939 Thread 0x0000019912280540 Thread added: 0x0000019912280540
Event: 6.454 Thread 0x00000199113d4830 Thread added: 0x00000199113d4830
Event: 6.855 Thread 0x0000019912280540 Thread exited: 0x0000019912280540
Event: 6.873 Thread 0x00000199101fe850 Thread added: 0x00000199101fe850


Dynamic libraries:
0x00007ff7cb670000 - 0x00007ff7cb67e000 	c:\Users\apal3\.vscode\extensions\redhat.java-1.34.0-win32-x64\jre\17.0.12-win32-x86_64\bin\java.exe
0x00007ffa68210000 - 0x00007ffa68427000 	C:\windows\SYSTEM32\ntdll.dll
0x00007ffa67840000 - 0x00007ffa67904000 	C:\windows\System32\KERNEL32.DLL
0x00007ffa65900000 - 0x00007ffa65cad000 	C:\windows\System32\KERNELBASE.dll
0x00007ffa65530000 - 0x00007ffa65641000 	C:\windows\System32\ucrtbase.dll
0x00007ffa41000000 - 0x00007ffa41017000 	c:\Users\apal3\.vscode\extensions\redhat.java-1.34.0-win32-x64\jre\17.0.12-win32-x86_64\bin\jli.dll
0x00007ffa40f70000 - 0x00007ffa40f8b000 	c:\Users\apal3\.vscode\extensions\redhat.java-1.34.0-win32-x64\jre\17.0.12-win32-x86_64\bin\VCRUNTIME140.dll
0x00007ffa67920000 - 0x00007ffa67ace000 	C:\windows\System32\USER32.dll
0x00007ffa656f0000 - 0x00007ffa65716000 	C:\windows\System32\win32u.dll
0x00007ffa410a0000 - 0x00007ffa41333000 	C:\windows\WinSxS\amd64_microsoft.windows.common-controls_6595b64144ccf1df_6.0.22621.3672_none_2713b9d173822955\COMCTL32.dll
0x00007ffa66810000 - 0x00007ffa66839000 	C:\windows\System32\GDI32.dll
0x00007ffa67ae0000 - 0x00007ffa67b87000 	C:\windows\System32\msvcrt.dll
0x00007ffa657e0000 - 0x00007ffa658f9000 	C:\windows\System32\gdi32full.dll
0x00007ffa65650000 - 0x00007ffa656ea000 	C:\windows\System32\msvcp_win.dll
0x00007ffa67720000 - 0x00007ffa67751000 	C:\windows\System32\IMM32.DLL
0x00007ffa59790000 - 0x00007ffa5979c000 	c:\Users\apal3\.vscode\extensions\redhat.java-1.34.0-win32-x64\jre\17.0.12-win32-x86_64\bin\vcruntime140_1.dll
0x00007ffa254b0000 - 0x00007ffa2553d000 	c:\Users\apal3\.vscode\extensions\redhat.java-1.34.0-win32-x64\jre\17.0.12-win32-x86_64\bin\msvcp140.dll
0x00007ff9e7750000 - 0x00007ff9e83ba000 	c:\Users\apal3\.vscode\extensions\redhat.java-1.34.0-win32-x64\jre\17.0.12-win32-x86_64\bin\server\jvm.dll
0x00007ffa67ee0000 - 0x00007ffa67f92000 	C:\windows\System32\ADVAPI32.dll
0x00007ffa67fa0000 - 0x00007ffa68049000 	C:\windows\System32\sechost.dll
0x00007ffa65cb0000 - 0x00007ffa65cd8000 	C:\windows\System32\bcrypt.dll
0x00007ffa67c00000 - 0x00007ffa67d14000 	C:\windows\System32\RPCRT4.dll
0x00007ffa67dd0000 - 0x00007ffa67e41000 	C:\windows\System32\WS2_32.dll
0x00007ffa65400000 - 0x00007ffa6544d000 	C:\windows\SYSTEM32\POWRPROF.dll
0x00007ffa563a0000 - 0x00007ffa563aa000 	C:\windows\SYSTEM32\VERSION.dll
0x00007ffa5b080000 - 0x00007ffa5b0b4000 	C:\windows\SYSTEM32\WINMM.dll
0x00007ffa65330000 - 0x00007ffa65343000 	C:\windows\SYSTEM32\UMPDC.dll
0x00007ffa64540000 - 0x00007ffa64558000 	C:\windows\SYSTEM32\kernel.appcore.dll
0x00007ffa546b0000 - 0x00007ffa546ba000 	c:\Users\apal3\.vscode\extensions\redhat.java-1.34.0-win32-x64\jre\17.0.12-win32-x86_64\bin\jimage.dll
0x00007ffa62dd0000 - 0x00007ffa63002000 	C:\windows\SYSTEM32\DBGHELP.DLL
0x00007ffa66df0000 - 0x00007ffa6717e000 	C:\windows\System32\combase.dll
0x00007ffa66af0000 - 0x00007ffa66bc7000 	C:\windows\System32\OLEAUT32.dll
0x00007ffa55d30000 - 0x00007ffa55d62000 	C:\windows\SYSTEM32\dbgcore.DLL
0x00007ffa65ce0000 - 0x00007ffa65d5b000 	C:\windows\System32\bcryptPrimitives.dll
0x00007ffa54530000 - 0x00007ffa5453e000 	c:\Users\apal3\.vscode\extensions\redhat.java-1.34.0-win32-x64\jre\17.0.12-win32-x86_64\bin\instrument.dll
0x00007ffa35020000 - 0x00007ffa35045000 	c:\Users\apal3\.vscode\extensions\redhat.java-1.34.0-win32-x64\jre\17.0.12-win32-x86_64\bin\java.dll
0x00007ffa36cc0000 - 0x00007ffa36cd8000 	c:\Users\apal3\.vscode\extensions\redhat.java-1.34.0-win32-x64\jre\17.0.12-win32-x86_64\bin\zip.dll
0x00007ffa65f40000 - 0x00007ffa667a7000 	C:\windows\System32\SHELL32.dll
0x00007ffa63460000 - 0x00007ffa63d5f000 	C:\windows\SYSTEM32\windows.storage.dll
0x00007ffa63320000 - 0x00007ffa6345f000 	C:\windows\SYSTEM32\wintypes.dll
0x00007ffa669f0000 - 0x00007ffa66ae9000 	C:\windows\System32\SHCORE.dll
0x00007ffa67b90000 - 0x00007ffa67bee000 	C:\windows\System32\shlwapi.dll
0x00007ffa65460000 - 0x00007ffa65487000 	C:\windows\SYSTEM32\profapi.dll
0x00007ffa35000000 - 0x00007ffa35019000 	C:\Users\apal3\.vscode\extensions\redhat.java-1.34.0-win32-x64\jre\17.0.12-win32-x86_64\bin\net.dll
0x00007ffa60bc0000 - 0x00007ffa60cf6000 	C:\windows\SYSTEM32\WINHTTP.dll
0x00007ffa649b0000 - 0x00007ffa64a19000 	C:\windows\system32\mswsock.dll
0x00007ffa34c30000 - 0x00007ffa34c46000 	C:\Users\apal3\.vscode\extensions\redhat.java-1.34.0-win32-x64\jre\17.0.12-win32-x86_64\bin\nio.dll
0x00007ffa51d00000 - 0x00007ffa51d10000 	c:\Users\apal3\.vscode\extensions\redhat.java-1.34.0-win32-x64\jre\17.0.12-win32-x86_64\bin\verify.dll
0x00007ffa34be0000 - 0x00007ffa34c25000 	C:\Users\apal3\AppData\Roaming\Code\User\globalStorage\redhat.java\1.34.0\config_ss_win\org.eclipse.equinox.launcher\org.eclipse.equinox.launcher.win32.win32.x86_64_1.2.1100.v20240722-2106\eclipse_11904.dll
0x00007ffa66840000 - 0x00007ffa669e5000 	C:\windows\System32\ole32.dll
0x00007ffa64bb0000 - 0x00007ffa64bcb000 	C:\windows\SYSTEM32\CRYPTSP.dll
0x00007ffa644a0000 - 0x00007ffa644d5000 	C:\windows\system32\rsaenh.dll
0x00007ffa64a50000 - 0x00007ffa64a78000 	C:\windows\SYSTEM32\USERENV.dll
0x00007ffa64bd0000 - 0x00007ffa64bdc000 	C:\windows\SYSTEM32\CRYPTBASE.dll
0x00007ffa63fc0000 - 0x00007ffa63fed000 	C:\windows\SYSTEM32\IPHLPAPI.DLL
0x00007ffa67910000 - 0x00007ffa67919000 	C:\windows\System32\NSI.dll
0x00007ffa609d0000 - 0x00007ffa609e9000 	C:\windows\SYSTEM32\dhcpcsvc6.DLL
0x00007ffa609b0000 - 0x00007ffa609cf000 	C:\windows\SYSTEM32\dhcpcsvc.DLL
0x00007ffa63ff0000 - 0x00007ffa640e8000 	C:\windows\SYSTEM32\DNSAPI.dll
0x00007ffa2ec20000 - 0x00007ffa2ec65000 	C:\Users\apal3\AppData\Local\Temp\jna-93014745\jna14764024286570214793.dll
0x00007ffa677e0000 - 0x00007ffa677e8000 	C:\windows\System32\PSAPI.DLL

dbghelp: loaded successfully - version: 4.0.5 - missing functions: none
symbol engine: initialized successfully - sym options: 0x614 - pdb path: .;c:\Users\apal3\.vscode\extensions\redhat.java-1.34.0-win32-x64\jre\17.0.12-win32-x86_64\bin;C:\windows\SYSTEM32;C:\windows\WinSxS\amd64_microsoft.windows.common-controls_6595b64144ccf1df_6.0.22621.3672_none_2713b9d173822955;c:\Users\apal3\.vscode\extensions\redhat.java-1.34.0-win32-x64\jre\17.0.12-win32-x86_64\bin\server;C:\Users\apal3\AppData\Roaming\Code\User\globalStorage\redhat.java\1.34.0\config_ss_win\org.eclipse.equinox.launcher\org.eclipse.equinox.launcher.win32.win32.x86_64_1.2.1100.v20240722-2106;C:\Users\apal3\AppData\Local\Temp\jna-93014745

VM Arguments:
jvm_args: --add-modules=ALL-SYSTEM --add-opens=java.base/java.util=ALL-UNNAMED --add-opens=java.base/java.lang=ALL-UNNAMED --add-opens=java.base/sun.nio.fs=ALL-UNNAMED -Declipse.application=org.eclipse.jdt.ls.core.id1 -Dosgi.bundles.defaultStartLevel=4 -Declipse.product=org.eclipse.jdt.ls.core.product -Djava.import.generatesMetadataFilesAtProjectRoot=false -DDetectVMInstallationsJob.disabled=true -Dfile.encoding=utf8 -XX:+UseParallelGC -XX:GCTimeRatio=4 -XX:AdaptiveSizePolicyWeight=90 -Dsun.zip.disableMemoryMapping=true -Xmx1G -Xms100m -Xlog:disable -javaagent:c:\Users\apal3\.vscode\extensions\redhat.java-1.34.0-win32-x64\lombok\lombok-1.18.33.jar 
java_command: c:\Users\apal3\.vscode\extensions\redhat.java-1.34.0-win32-x64\server\plugins\org.eclipse.equinox.launcher_1.6.900.v20240613-2009.jar -configuration c:\Users\apal3\AppData\Roaming\Code\User\globalStorage\redhat.java\1.34.0\config_ss_win -data c:\Users\apal3\AppData\Roaming\Code\User\workspaceStorage\16d77dc4bfb3e2b917581c5b5e4e9aac\redhat.java\ss_ws --pipe=\\.\pipe\lsp-5ce75b9de402041d83ef68b2565e9f80-sock
java_class_path (initial): c:\Users\apal3\.vscode\extensions\redhat.java-1.34.0-win32-x64\server\plugins\org.eclipse.equinox.launcher_1.6.900.v20240613-2009.jar
Launcher Type: SUN_STANDARD

[Global flags]
    uintx AdaptiveSizePolicyWeight                 = 90                                        {product} {command line}
     intx CICompilerCount                          = 4                                         {product} {ergonomic}
    uintx GCTimeRatio                              = 4                                         {product} {command line}
   size_t InitialHeapSize                          = 104857600                                 {product} {command line}
   size_t MaxHeapSize                              = 1073741824                                {product} {command line}
   size_t MaxNewSize                               = 357564416                                 {product} {ergonomic}
   size_t MinHeapDeltaBytes                        = 524288                                    {product} {ergonomic}
   size_t MinHeapSize                              = 104857600                                 {product} {command line}
   size_t NewSize                                  = 34603008                                  {product} {ergonomic}
    uintx NonNMethodCodeHeapSize                   = 5839372                                {pd product} {ergonomic}
    uintx NonProfiledCodeHeapSize                  = 122909434                              {pd product} {ergonomic}
   size_t OldSize                                  = 70254592                                  {product} {ergonomic}
    uintx ProfiledCodeHeapSize                     = 122909434                              {pd product} {ergonomic}
    uintx ReservedCodeCacheSize                    = 251658240                              {pd product} {ergonomic}
     bool SegmentedCodeCache                       = true                                      {product} {ergonomic}
   size_t SoftMaxHeapSize                          = 1073741824                             {manageable} {ergonomic}
     bool UseCompressedClassPointers               = true                           {product lp64_product} {ergonomic}
     bool UseCompressedOops                        = true                           {product lp64_product} {ergonomic}
     bool UseLargePagesIndividualAllocation        = false                                  {pd product} {ergonomic}
     bool UseParallelGC                            = true                                      {product} {command line}

Logging:
Log output configuration:
 #0: stdout all=off uptime,level,tags
 #1: stderr all=off uptime,level,tags

Environment Variables:
PATH=C:\Program Files\Common Files\Oracle\Java\javapath;C:\windows\system32;C:\windows;C:\windows\System32\Wbem;C:\windows\System32\WindowsPowerShell\v1.0\;C:\windows\System32\OpenSSH\;C:\Program Files\Git\cmd;C:\Program Files\nodejs\;C:\Program Files\MySQL\MySQL Server 8.0\bin;C:\Program Files\MySQL\MySQL Shell 8.0\bin\;C:\Users\apal3\AppData\Local\Microsoft\WindowsApps;C:\Users\apal3\AppData\Local\Programs\Microsoft VS Code\bin;C:\Users\apal3\AppData\Roaming\npm
USERNAME=apal3
OS=Windows_NT
PROCESSOR_IDENTIFIER=Intel64 Family 6 Model 154 Stepping 4, GenuineIntel
TMP=C:\Users\apal3\AppData\Local\Temp
TEMP=C:\Users\apal3\AppData\Local\Temp



Periodic native trim disabled


---------------  S Y S T E M  ---------------

OS:
 Windows 11 , 64 bit Build 22621 (10.0.22621.3958)
OS uptime: 1 days 15:19 hours
Hyper-V role detected

CPU: total 12 (initial active 12) (6 cores per cpu, 2 threads per core) family 6 model 154 stepping 4 microcode 0x432, cx8, cmov, fxsr, ht, mmx, 3dnowpref, sse, sse2, sse3, ssse3, sse4.1, sse4.2, popcnt, lzcnt, tsc, tscinvbit, avx, avx2, aes, erms, clmul, bmi1, bmi2, adx, sha, fma, vzeroupper, clflush, clflushopt, clwb, hv
Processor Information for processor 0
  Max Mhz: 1300, Current Mhz: 1300, Mhz Limit: 1300
Processor Information for processor 1
  Max Mhz: 1300, Current Mhz: 1300, Mhz Limit: 1300
Processor Information for processor 2
  Max Mhz: 1300, Current Mhz: 1300, Mhz Limit: 1300
Processor Information for processor 3
  Max Mhz: 1300, Current Mhz: 1300, Mhz Limit: 1300
Processor Information for processor 4
  Max Mhz: 1300, Current Mhz: 900, Mhz Limit: 897
Processor Information for processor 5
  Max Mhz: 1300, Current Mhz: 900, Mhz Limit: 897
Processor Information for processor 6
  Max Mhz: 1300, Current Mhz: 900, Mhz Limit: 897
Processor Information for processor 7
  Max Mhz: 1300, Current Mhz: 900, Mhz Limit: 897
Processor Information for processor 8
  Max Mhz: 1300, Current Mhz: 900, Mhz Limit: 897
Processor Information for processor 9
  Max Mhz: 1300, Current Mhz: 900, Mhz Limit: 897
Processor Information for processor 10
  Max Mhz: 1300, Current Mhz: 900, Mhz Limit: 897
Processor Information for processor 11
  Max Mhz: 1300, Current Mhz: 900, Mhz Limit: 897

Memory: 4k page, system-wide physical 7863M (367M free)
TotalPageFile size 27290M (AvailPageFile size 0M)
current process WorkingSet (physical memory assigned to process): 207M, peak: 207M
current process commit charge ("private bytes"): 291M, peak: 300M

vm_info: OpenJDK 64-Bit Server VM (17.0.12+7) for windows-amd64 JRE (17.0.12+7), built on Jul 16 2024 22:08:24 by "admin" with MS VC++ 16.10 / 16.11 (VS2019)

END.
