#
# There is insufficient memory for the Java Runtime Environment to continue.
# Native memory allocation (malloc) failed to allocate 909936 bytes. Error detail: Chunk::new
# Possible reasons:
#   The system is out of physical RAM or swap space
#   This process is running with CompressedOops enabled, and the Java Heap may be blocking the growth of the native heap
# Possible solutions:
#   Reduce memory load on the system
#   Increase physical memory or swap space
#   Check if swap backing store is full
#   Decrease Java heap size (-Xmx/-Xms)
#   Decrease number of Java threads
#   Decrease Java thread stack sizes (-Xss)
#   Set larger code cache with -XX:ReservedCodeCacheSize=
#   JVM is running with Unscaled Compressed Oops mode in which the Java heap is
#     placed in the first 4GB address space. The Java Heap base address is the
#     maximum limit for the native heap growth. Please use -XX:HeapBaseMinAddress
#     to set the Java Heap base and to place the Java Heap above 4GB virtual address.
# This output file may be truncated or incomplete.
#
#  Out of Memory Error (arena.cpp:191), pid=10712, tid=27012
#
# JRE version: OpenJDK Runtime Environment Temurin-17.0.12+7 (17.0.12+7) (build 17.0.12+7)
# Java VM: OpenJDK 64-Bit Server VM Temurin-17.0.12+7 (17.0.12+7, mixed mode, tiered, compressed oops, compressed class ptrs, parallel gc, windows-amd64)
# No core dump will be written. Minidumps are not enabled by default on client versions of Windows
#

---------------  S U M M A R Y ------------

Command Line: --add-modules=ALL-SYSTEM --add-opens=java.base/java.util=ALL-UNNAMED --add-opens=java.base/java.lang=ALL-UNNAMED --add-opens=java.base/sun.nio.fs=ALL-UNNAMED -Declipse.application=org.eclipse.jdt.ls.core.id1 -Dosgi.bundles.defaultStartLevel=4 -Declipse.product=org.eclipse.jdt.ls.core.product -Djava.import.generatesMetadataFilesAtProjectRoot=false -DDetectVMInstallationsJob.disabled=true -Dfile.encoding=utf8 -XX:+UseParallelGC -XX:GCTimeRatio=4 -XX:AdaptiveSizePolicyWeight=90 -Dsun.zip.disableMemoryMapping=true -Xmx1G -Xms100m -Xlog:disable -javaagent:c:\Users\apal3\.vscode\extensions\redhat.java-1.34.0-win32-x64\lombok\lombok-1.18.33.jar -XX:+HeapDumpOnOutOfMemoryError -XX:HeapDumpPath=c:\Users\apal3\AppData\Roaming\Code\User\workspaceStorage\16d77dc4bfb3e2b917581c5b5e4e9aac\redhat.java -Daether.dependencyCollector.impl=bf c:\Users\apal3\.vscode\extensions\redhat.java-1.34.0-win32-x64\server\plugins\org.eclipse.equinox.launcher_1.6.900.v20240613-2009.jar -configuration c:\Users\apal3\AppData\Roaming\Code\User\globalStorage\redhat.java\1.34.0\config_win -data c:\Users\apal3\AppData\Roaming\Code\User\workspaceStorage\16d77dc4bfb3e2b917581c5b5e4e9aac\redhat.java\jdt_ws --pipe=\\.\pipe\lsp-6c77e350ef8c5b44732ffd9416f6170c-sock

Host: 12th Gen Intel(R) Core(TM) i5-1235U, 12 cores, 7G,  Windows 11 , 64 bit Build 22621 (10.0.22621.3958)
Time: Sat Aug 31 23:44:06 2024 India Standard Time elapsed time: 7.119892 seconds (0d 0h 0m 7s)

---------------  T H R E A D  ---------------

Current thread (0x0000022b28a73190):  JavaThread "C2 CompilerThread1" daemon [_thread_in_native, id=27012, stack(0x000000a39dd00000,0x000000a39de00000)]


Current CompileTask:
C2:   7119 6578   !   4       org.eclipse.osgi.internal.loader.BundleLoader::findClass0 (470 bytes)

Stack: [0x000000a39dd00000,0x000000a39de00000]
Native frames: (J=compiled Java code, j=interpreted, Vv=VM code, C=native code)
V  [jvm.dll+0x67f929]
V  [jvm.dll+0x8371ba]
V  [jvm.dll+0x838c7e]
V  [jvm.dll+0x8392e3]
V  [jvm.dll+0x24834f]
V  [jvm.dll+0xac9d4]
V  [jvm.dll+0xad01c]
V  [jvm.dll+0x2af96f]
V  [jvm.dll+0x5868d7]
V  [jvm.dll+0x2231c2]
V  [jvm.dll+0x2235bf]
V  [jvm.dll+0x21c6e0]
V  [jvm.dll+0x219be1]
V  [jvm.dll+0x1a58bd]
V  [jvm.dll+0x229a2d]
V  [jvm.dll+0x227bdc]
V  [jvm.dll+0x7ec1f7]
V  [jvm.dll+0x7e65dc]
V  [jvm.dll+0x67e7f7]
C  [ucrtbase.dll+0x29333]
C  [KERNEL32.DLL+0x1257d]
C  [ntdll.dll+0x5af28]


---------------  P R O C E S S  ---------------

Threads class SMR info:
_java_thread_list=0x0000022b299e28a0, length=55, elements={
0x0000022b0d109d40, 0x0000022b0d1baeb0, 0x0000022b0d1be140, 0x0000022b260b8320,
0x0000022b260b8df0, 0x0000022b260b99b0, 0x0000022b260ba610, 0x0000022b260dfc90,
0x0000022b260e8a20, 0x0000022b20f9df80, 0x0000022b261f3f00, 0x0000022b278dc7a0,
0x0000022b27ba8200, 0x0000022b281bd960, 0x0000022b285d44f0, 0x0000022b281c6270,
0x0000022b282ca980, 0x0000022b2898b5d0, 0x0000022b283e7880, 0x0000022b283e82a0,
0x0000022b283e5510, 0x0000022b283e7370, 0x0000022b283e5f30, 0x0000022b28a73190,
0x0000022b28cf97c0, 0x0000022b283e4af0, 0x0000022b283e5000, 0x0000022b283e6440,
0x0000022b283e5a20, 0x0000022b283e6950, 0x0000022b294c6820, 0x0000022b294c2650,
0x0000022b294c6310, 0x0000022b294c2b60, 0x0000022b294c3fa0, 0x0000022b294c7c60,
0x0000022b294c1210, 0x0000022b294c07f0, 0x0000022b294c1720, 0x0000022b294c1c30,
0x0000022b294c44b0, 0x0000022b294c7240, 0x0000022b294c49c0, 0x0000022b294c2140,
0x0000022b294c3580, 0x0000022b294c6d30, 0x0000022b294c3a90, 0x0000022b294c58f0,
0x0000022b294c4ed0, 0x0000022b294c53e0, 0x0000022b294c5e00, 0x0000022b294c8170,
0x0000022b294c0d00, 0x0000022b2bbdfe50, 0x0000022b2bbdb260
}

Java Threads: ( => current thread )
  0x0000022b0d109d40 JavaThread "main" [_thread_blocked, id=14712, stack(0x000000a39ba00000,0x000000a39bb00000)]
  0x0000022b0d1baeb0 JavaThread "Reference Handler" daemon [_thread_blocked, id=14832, stack(0x000000a39bd00000,0x000000a39be00000)]
  0x0000022b0d1be140 JavaThread "Finalizer" daemon [_thread_blocked, id=19768, stack(0x000000a39be00000,0x000000a39bf00000)]
  0x0000022b260b8320 JavaThread "Signal Dispatcher" daemon [_thread_blocked, id=24300, stack(0x000000a39bf00000,0x000000a39c000000)]
  0x0000022b260b8df0 JavaThread "Attach Listener" daemon [_thread_blocked, id=18092, stack(0x000000a39c000000,0x000000a39c100000)]
  0x0000022b260b99b0 JavaThread "Service Thread" daemon [_thread_blocked, id=24432, stack(0x000000a39c100000,0x000000a39c200000)]
  0x0000022b260ba610 JavaThread "Monitor Deflation Thread" daemon [_thread_blocked, id=16720, stack(0x000000a39c200000,0x000000a39c300000)]
  0x0000022b260dfc90 JavaThread "C2 CompilerThread0" daemon [_thread_in_native, id=34640, stack(0x000000a39c300000,0x000000a39c400000)]
  0x0000022b260e8a20 JavaThread "C1 CompilerThread0" daemon [_thread_blocked, id=6068, stack(0x000000a39c400000,0x000000a39c500000)]
  0x0000022b20f9df80 JavaThread "Sweeper thread" daemon [_thread_blocked, id=24340, stack(0x000000a39c500000,0x000000a39c600000)]
  0x0000022b261f3f00 JavaThread "Common-Cleaner" daemon [_thread_blocked, id=19228, stack(0x000000a39c600000,0x000000a39c700000)]
  0x0000022b278dc7a0 JavaThread "Notification Thread" daemon [_thread_blocked, id=17800, stack(0x000000a39c800000,0x000000a39c900000)]
  0x0000022b27ba8200 JavaThread "Active Thread: Equinox Container: de4e7ef0-7e41-4391-ae41-ec495ba3bfbc" [_thread_blocked, id=33616, stack(0x000000a39d100000,0x000000a39d200000)]
  0x0000022b281bd960 JavaThread "Framework Event Dispatcher: Equinox Container: de4e7ef0-7e41-4391-ae41-ec495ba3bfbc" daemon [_thread_blocked, id=15208, stack(0x000000a39d200000,0x000000a39d300000)]
  0x0000022b285d44f0 JavaThread "Start Level: Equinox Container: de4e7ef0-7e41-4391-ae41-ec495ba3bfbc" daemon [_thread_blocked, id=14140, stack(0x000000a39d300000,0x000000a39d400000)]
  0x0000022b281c6270 JavaThread "Bundle File Closer" daemon [_thread_blocked, id=784, stack(0x000000a39d500000,0x000000a39d600000)]
  0x0000022b282ca980 JavaThread "SCR Component Actor" daemon [_thread_blocked, id=27460, stack(0x000000a39d600000,0x000000a39d700000)]
  0x0000022b2898b5d0 JavaThread "SCR Component Registry" daemon [_thread_blocked, id=15104, stack(0x000000a39d900000,0x000000a39da00000)]
  0x0000022b283e7880 JavaThread "Worker-JM" [_thread_blocked, id=30564, stack(0x000000a39da00000,0x000000a39db00000)]
  0x0000022b283e82a0 JavaThread "JNA Cleaner" daemon [_thread_blocked, id=13052, stack(0x000000a39c700000,0x000000a39c800000)]
  0x0000022b283e5510 JavaThread "Worker-0: Updating Maven Dependencies" [_thread_blocked, id=7256, stack(0x000000a39ca00000,0x000000a39cb00000)]
  0x0000022b283e7370 JavaThread "Worker-1: Building" [_thread_blocked, id=28388, stack(0x000000a39db00000,0x000000a39dc00000)]
  0x0000022b283e5f30 JavaThread "Worker-2: Java indexing... " [_thread_blocked, id=28436, stack(0x000000a39dc00000,0x000000a39dd00000)]
=>0x0000022b28a73190 JavaThread "C2 CompilerThread1" daemon [_thread_in_native, id=27012, stack(0x000000a39dd00000,0x000000a39de00000)]
  0x0000022b28cf97c0 JavaThread "C2 CompilerThread2" daemon [_thread_in_native, id=33048, stack(0x000000a39de00000,0x000000a39df00000)]
  0x0000022b283e4af0 JavaThread "Java indexing" daemon [_thread_in_native, id=17580, stack(0x000000a39df00000,0x000000a39e000000)]
  0x0000022b283e5000 JavaThread "Thread-2" daemon [_thread_in_native, id=20508, stack(0x000000a39e000000,0x000000a39e100000)]
  0x0000022b283e6440 JavaThread "Thread-3" daemon [_thread_in_native, id=22776, stack(0x000000a39e100000,0x000000a39e200000)]
  0x0000022b283e5a20 JavaThread "Thread-4" daemon [_thread_in_native, id=24752, stack(0x000000a39e200000,0x000000a39e300000)]
  0x0000022b283e6950 JavaThread "Thread-5" daemon [_thread_in_native, id=12788, stack(0x000000a39e300000,0x000000a39e400000)]
  0x0000022b294c6820 JavaThread "Thread-6" daemon [_thread_in_native, id=11896, stack(0x000000a39e400000,0x000000a39e500000)]
  0x0000022b294c2650 JavaThread "Thread-7" daemon [_thread_in_native, id=24872, stack(0x000000a39e500000,0x000000a39e600000)]
  0x0000022b294c6310 JavaThread "Thread-8" daemon [_thread_in_native, id=28600, stack(0x000000a39e600000,0x000000a39e700000)]
  0x0000022b294c2b60 JavaThread "Thread-9" daemon [_thread_in_native, id=28212, stack(0x000000a39e700000,0x000000a39e800000)]
  0x0000022b294c3fa0 JavaThread "Thread-10" daemon [_thread_in_native, id=13708, stack(0x000000a39e800000,0x000000a39e900000)]
  0x0000022b294c7c60 JavaThread "Thread-11" daemon [_thread_in_native, id=26636, stack(0x000000a39e900000,0x000000a39ea00000)]
  0x0000022b294c1210 JavaThread "Thread-12" daemon [_thread_in_native, id=23464, stack(0x000000a39ea00000,0x000000a39eb00000)]
  0x0000022b294c07f0 JavaThread "Thread-13" daemon [_thread_in_native, id=20236, stack(0x000000a39eb00000,0x000000a39ec00000)]
  0x0000022b294c1720 JavaThread "Thread-14" daemon [_thread_in_native, id=31232, stack(0x000000a39ec00000,0x000000a39ed00000)]
  0x0000022b294c1c30 JavaThread "pool-2-thread-1" [_thread_blocked, id=14988, stack(0x000000a39ed00000,0x000000a39ee00000)]
  0x0000022b294c44b0 JavaThread "Worker-3" [_thread_blocked, id=19424, stack(0x000000a39ee00000,0x000000a39ef00000)]
  0x0000022b294c7240 JavaThread "WorkspaceEventsHandler" [_thread_blocked, id=5832, stack(0x000000a39ef00000,0x000000a39f000000)]
  0x0000022b294c49c0 JavaThread "pool-1-thread-1" [_thread_blocked, id=11692, stack(0x000000a39f000000,0x000000a39f100000)]
  0x0000022b294c2140 JavaThread "Compiler Source File Reader" daemon [_thread_blocked, id=3444, stack(0x000000a39f100000,0x000000a39f200000)]
  0x0000022b294c3580 JavaThread "Compiler Source File Reader" daemon [_thread_blocked, id=23968, stack(0x000000a39f200000,0x000000a39f300000)]
  0x0000022b294c6d30 JavaThread "Compiler Source File Reader" daemon [_thread_blocked, id=24960, stack(0x000000a39f300000,0x000000a39f400000)]
  0x0000022b294c3a90 JavaThread "Compiler Source File Reader" daemon [_thread_blocked, id=22512, stack(0x000000a39f400000,0x000000a39f500000)]
  0x0000022b294c58f0 JavaThread "Compiler Source File Reader" daemon [_thread_blocked, id=26996, stack(0x000000a39f500000,0x000000a39f600000)]
  0x0000022b294c4ed0 JavaThread "Compiler Source File Reader" daemon [_thread_blocked, id=4272, stack(0x000000a39f600000,0x000000a39f700000)]
  0x0000022b294c53e0 JavaThread "Compiler Source File Reader" daemon [_thread_blocked, id=27936, stack(0x000000a39f700000,0x000000a39f800000)]
  0x0000022b294c5e00 JavaThread "Compiler Source File Reader" daemon [_thread_blocked, id=14764, stack(0x000000a39f800000,0x000000a39f900000)]
  0x0000022b294c8170 JavaThread "Compiler Source File Reader" daemon [_thread_blocked, id=29608, stack(0x000000a39f900000,0x000000a39fa00000)]
  0x0000022b294c0d00 JavaThread "Compiler Source File Reader" daemon [_thread_blocked, id=25696, stack(0x000000a39fa00000,0x000000a39fb00000)]
  0x0000022b2bbdfe50 JavaThread "Worker-4" [_thread_blocked, id=8084, stack(0x000000a39fb00000,0x000000a39fc00000)]
  0x0000022b2bbdb260 JavaThread "Compiler Processing Task" daemon [_thread_in_vm, id=21404, stack(0x000000a39fc00000,0x000000a39fd00000)]

Other Threads:
  0x0000022b0d1b9970 VMThread "VM Thread" [stack: 0x000000a39bc00000,0x000000a39bd00000] [id=20320]
  0x0000022b2790e4d0 WatcherThread [stack: 0x000000a39c900000,0x000000a39ca00000] [id=9012]
  0x0000022b0d11ea40 GCTaskThread "GC Thread#0" [stack: 0x000000a39bb00000,0x000000a39bc00000] [id=4212]
  0x0000022b2802a020 GCTaskThread "GC Thread#1" [stack: 0x000000a39cb00000,0x000000a39cc00000] [id=20200]
  0x0000022b2802a2e0 GCTaskThread "GC Thread#2" [stack: 0x000000a39cc00000,0x000000a39cd00000] [id=11728]
  0x0000022b27f84d60 GCTaskThread "GC Thread#3" [stack: 0x000000a39cd00000,0x000000a39ce00000] [id=11532]
  0x0000022b27f85020 GCTaskThread "GC Thread#4" [stack: 0x000000a39ce00000,0x000000a39cf00000] [id=19400]
  0x0000022b2802c7d0 GCTaskThread "GC Thread#5" [stack: 0x000000a39cf00000,0x000000a39d000000] [id=2488]
  0x0000022b2802ca90 GCTaskThread "GC Thread#6" [stack: 0x000000a39d000000,0x000000a39d100000] [id=25020]
  0x0000022b27d11de0 GCTaskThread "GC Thread#7" [stack: 0x000000a39d400000,0x000000a39d500000] [id=4768]
  0x0000022b280a7910 GCTaskThread "GC Thread#8" [stack: 0x000000a39d700000,0x000000a39d800000] [id=25988]
  0x0000022b282cd8f0 GCTaskThread "GC Thread#9" [stack: 0x000000a39d800000,0x000000a39d900000] [id=1872]

Threads with active compile tasks:
C2 CompilerThread0     7148 6932       4       java.lang.reflect.Field::<init> (50 bytes)
C1 CompilerThread0     7148 6934       3       lombok.core.LombokImmutableList$1::<init> (15 bytes)
C2 CompilerThread1     7149 6578   !   4       org.eclipse.osgi.internal.loader.BundleLoader::findClass0 (470 bytes)
C2 CompilerThread2     7149 6835       4       java.nio.file.Files::newDirectoryStream (12 bytes)

VM state: not at safepoint (normal execution)

VM Mutex/Monitor currently owned by a thread: None

Heap address: 0x00000000c0000000, size: 1024 MB, Compressed Oops mode: 32-bit

CDS archive(s) not mapped
Compressed class space mapped at: 0x0000000100000000-0x0000000140000000, reserved size: 1073741824
Narrow klass base: 0x0000000000000000, Narrow klass shift: 3, Narrow klass range: 0x140000000

GC Precious Log:
 CPUs: 12 total, 12 available
 Memory: 7863M
 Large Page Support: Disabled
 NUMA Support: Disabled
 Compressed Oops: Enabled (32-bit)
 Alignments: Space 512K, Generation 512K, Heap 2M
 Heap Min Capacity: 100M
 Heap Initial Capacity: 100M
 Heap Max Capacity: 1G
 Pre-touch: Disabled
 Parallel Workers: 10

Heap:
 PSYoungGen      total 19968K, used 7015K [0x00000000eab00000, 0x00000000ec000000, 0x0000000100000000)
  eden space 18432K, 38% used [0x00000000eab00000,0x00000000eb1d9c40,0x00000000ebd00000)
  from space 1536K, 0% used [0x00000000ebe80000,0x00000000ebe80000,0x00000000ec000000)
  to   space 1536K, 0% used [0x00000000ebd00000,0x00000000ebd00000,0x00000000ebe80000)
 ParOldGen       total 68608K, used 31808K [0x00000000c0000000, 0x00000000c4300000, 0x00000000eab00000)
  object space 68608K, 46% used [0x00000000c0000000,0x00000000c1f103d8,0x00000000c4300000)
 Metaspace       used 59351K, committed 60352K, reserved 1114112K
  class space    used 6292K, committed 6720K, reserved 1048576K

Card table byte_map: [0x0000022b0caa0000,0x0000022b0ccb0000] _byte_map_base: 0x0000022b0c4a0000

Marking Bits: (ParMarkBitMap*) 0x00007ff9e82f58b0
 Begin Bits: [0x0000022b1eda0000, 0x0000022b1fda0000)
 End Bits:   [0x0000022b1fda0000, 0x0000022b20da0000)

Polling page: 0x0000022b0b0c0000

Metaspace:

Usage:
  Non-class:     51.82 MB used.
      Class:      6.14 MB used.
       Both:     57.96 MB used.

Virtual space:
  Non-class space:       64.00 MB reserved,      52.38 MB ( 82%) committed,  1 nodes.
      Class space:        1.00 GB reserved,       6.56 MB ( <1%) committed,  1 nodes.
             Both:        1.06 GB reserved,      58.94 MB (  5%) committed. 

Chunk freelists:
   Non-Class:  10.83 MB
       Class:  9.45 MB
        Both:  20.28 MB

MaxMetaspaceSize: unlimited
CompressedClassSpaceSize: 1.00 GB
Initial GC threshold: 21.00 MB
Current GC threshold: 97.31 MB
CDS: off
MetaspaceReclaimPolicy: balanced
 - commit_granule_bytes: 65536.
 - commit_granule_words: 8192.
 - virtual_space_node_default_size: 8388608.
 - enlarge_chunks_in_place: 1.
 - new_chunks_are_fully_committed: 0.
 - uncommit_free_chunks: 1.
 - use_allocation_guard: 0.
 - handle_deallocations: 1.


Internal statistics:

num_allocs_failed_limit: 9.
num_arena_births: 618.
num_arena_deaths: 34.
num_vsnodes_births: 2.
num_vsnodes_deaths: 0.
num_space_committed: 943.
num_space_uncommitted: 0.
num_chunks_returned_to_freelist: 49.
num_chunks_taken_from_freelist: 2975.
num_chunk_merges: 15.
num_chunk_splits: 1837.
num_chunks_enlarged: 1063.
num_inconsistent_stats: 0.

CodeHeap 'non-profiled nmethods': size=120000Kb used=3524Kb max_used=3524Kb free=116475Kb
 bounds [0x0000022b17870000, 0x0000022b17bf0000, 0x0000022b1eda0000]
CodeHeap 'profiled nmethods': size=120000Kb used=12847Kb max_used=12847Kb free=107152Kb
 bounds [0x0000022b0fda0000, 0x0000022b10a30000, 0x0000022b172d0000]
CodeHeap 'non-nmethods': size=5760Kb used=1333Kb max_used=1390Kb free=4426Kb
 bounds [0x0000022b172d0000, 0x0000022b17540000, 0x0000022b17870000]
 total_blobs=6777 nmethods=6105 adapters=586
 compilation: enabled
              stopped_count=0, restarted_count=0
 full_count=0

Compilation events (20 events):
Event: 7.103 Thread 0x0000022b260e8a20 6861       1       org.eclipse.jdt.internal.compiler.classfmt.FieldInfo::getTagBits (5 bytes)
Event: 7.103 Thread 0x0000022b260e8a20 nmethod 6861 0x0000022b17bdbc90 code [0x0000022b17bdbe20, 0x0000022b17bdbef8]
Event: 7.103 Thread 0x0000022b260e8a20 6859       1       org.eclipse.jdt.internal.compiler.classfmt.FieldInfo::sizeInBytes (5 bytes)
Event: 7.103 Thread 0x0000022b260e8a20 nmethod 6859 0x0000022b17bdbf90 code [0x0000022b17bdc120, 0x0000022b17bdc1f8]
Event: 7.103 Thread 0x0000022b260e8a20 6862       1       org.eclipse.jdt.internal.compiler.classfmt.FieldInfo::getTypeAnnotations (2 bytes)
Event: 7.103 Thread 0x0000022b260e8a20 nmethod 6862 0x0000022b17bdc290 code [0x0000022b17bdc420, 0x0000022b17bdc4f8]
Event: 7.103 Thread 0x0000022b260e8a20 6865       1       org.eclipse.jdt.internal.compiler.lookup.TypeBinding::isUnresolvedType (2 bytes)
Event: 7.103 Thread 0x0000022b260e8a20 nmethod 6865 0x0000022b17bdc590 code [0x0000022b17bdc720, 0x0000022b17bdc7f8]
Event: 7.103 Thread 0x0000022b260e8a20 6891       3       org.eclipse.jdt.internal.compiler.util.HashtableOfObject::get (56 bytes)
Event: 7.104 Thread 0x0000022b260e8a20 nmethod 6891 0x0000022b10a16990 code [0x0000022b10a16b80, 0x0000022b10a16fd8]
Event: 7.104 Thread 0x0000022b260dfc90 nmethod 6879 0x0000022b17bdc890 code [0x0000022b17bdca40, 0x0000022b17bdce58]
Event: 7.104 Thread 0x0000022b260dfc90 6880       4       jdk.internal.reflect.ClassFileAssembler::emitConstantPoolUTF8 (50 bytes)
Event: 7.107 Thread 0x0000022b260e8a20 6892       3       org.eclipse.jdt.internal.compiler.util.HashtableOfObject::putUnsafely (78 bytes)
Event: 7.107 Thread 0x0000022b260e8a20 nmethod 6892 0x0000022b10a17290 code [0x0000022b10a17480, 0x0000022b10a17a98]
Event: 7.109 Thread 0x0000022b260e8a20 6893   !   3       org.eclipse.osgi.internal.loader.BundleLoader::isDynamicallyImported (150 bytes)
Event: 7.109 Thread 0x0000022b260e8a20 nmethod 6893 0x0000022b10a17d10 code [0x0000022b10a17f40, 0x0000022b10a18908]
Event: 7.114 Thread 0x0000022b260e8a20 6894       3       org.eclipse.jdt.internal.core.index.DiskIndex::readStreamChars (529 bytes)
Event: 7.115 Thread 0x0000022b260e8a20 nmethod 6894 0x0000022b10a18c90 code [0x0000022b10a18f00, 0x0000022b10a19e58]
Event: 7.115 Thread 0x0000022b260e8a20 6895       3       org.eclipse.jdt.internal.core.index.DiskIndex::writeStreamChars (285 bytes)
Event: 7.116 Thread 0x0000022b260e8a20 nmethod 6895 0x0000022b10a1a410 code [0x0000022b10a1a5e0, 0x0000022b10a1aa38]

GC Heap History (20 events):
Event: 5.200 GC heap before
{Heap before GC invocations=24 (full 2):
 PSYoungGen      total 21504K, used 21088K [0x00000000eab00000, 0x00000000ec380000, 0x0000000100000000)
  eden space 19968K, 100% used [0x00000000eab00000,0x00000000ebe80000,0x00000000ebe80000)
  from space 1536K, 72% used [0x00000000ebe80000,0x00000000ebf98000,0x00000000ec000000)
  to   space 2560K, 0% used [0x00000000ec100000,0x00000000ec100000,0x00000000ec380000)
 ParOldGen       total 68608K, used 29652K [0x00000000c0000000, 0x00000000c4300000, 0x00000000eab00000)
  object space 68608K, 43% used [0x00000000c0000000,0x00000000c1cf5208,0x00000000c4300000)
 Metaspace       used 46877K, committed 47744K, reserved 1114112K
  class space    used 4866K, committed 5248K, reserved 1048576K
}
Event: 5.202 GC heap after
{Heap after GC invocations=24 (full 2):
 PSYoungGen      total 20992K, used 896K [0x00000000eab00000, 0x00000000ec200000, 0x0000000100000000)
  eden space 19968K, 0% used [0x00000000eab00000,0x00000000eab00000,0x00000000ebe80000)
  from space 1024K, 87% used [0x00000000ec100000,0x00000000ec1e0000,0x00000000ec200000)
  to   space 1536K, 0% used [0x00000000ebf00000,0x00000000ebf00000,0x00000000ec080000)
 ParOldGen       total 68608K, used 30596K [0x00000000c0000000, 0x00000000c4300000, 0x00000000eab00000)
  object space 68608K, 44% used [0x00000000c0000000,0x00000000c1de1208,0x00000000c4300000)
 Metaspace       used 46877K, committed 47744K, reserved 1114112K
  class space    used 4866K, committed 5248K, reserved 1048576K
}
Event: 5.400 GC heap before
{Heap before GC invocations=25 (full 2):
 PSYoungGen      total 20992K, used 20864K [0x00000000eab00000, 0x00000000ec200000, 0x0000000100000000)
  eden space 19968K, 100% used [0x00000000eab00000,0x00000000ebe80000,0x00000000ebe80000)
  from space 1024K, 87% used [0x00000000ec100000,0x00000000ec1e0000,0x00000000ec200000)
  to   space 1536K, 0% used [0x00000000ebf00000,0x00000000ebf00000,0x00000000ec080000)
 ParOldGen       total 68608K, used 30596K [0x00000000c0000000, 0x00000000c4300000, 0x00000000eab00000)
  object space 68608K, 44% used [0x00000000c0000000,0x00000000c1de1208,0x00000000c4300000)
 Metaspace       used 48816K, committed 49728K, reserved 1114112K
  class space    used 5086K, committed 5504K, reserved 1048576K
}
Event: 5.401 GC heap after
{Heap after GC invocations=25 (full 2):
 PSYoungGen      total 21504K, used 793K [0x00000000eab00000, 0x00000000ec180000, 0x0000000100000000)
  eden space 19968K, 0% used [0x00000000eab00000,0x00000000eab00000,0x00000000ebe80000)
  from space 1536K, 51% used [0x00000000ebf00000,0x00000000ebfc6738,0x00000000ec080000)
  to   space 1024K, 0% used [0x00000000ec080000,0x00000000ec080000,0x00000000ec180000)
 ParOldGen       total 68608K, used 31287K [0x00000000c0000000, 0x00000000c4300000, 0x00000000eab00000)
  object space 68608K, 45% used [0x00000000c0000000,0x00000000c1e8df08,0x00000000c4300000)
 Metaspace       used 48816K, committed 49728K, reserved 1114112K
  class space    used 5086K, committed 5504K, reserved 1048576K
}
Event: 5.703 GC heap before
{Heap before GC invocations=26 (full 2):
 PSYoungGen      total 21504K, used 20761K [0x00000000eab00000, 0x00000000ec180000, 0x0000000100000000)
  eden space 19968K, 100% used [0x00000000eab00000,0x00000000ebe80000,0x00000000ebe80000)
  from space 1536K, 51% used [0x00000000ebf00000,0x00000000ebfc6738,0x00000000ec080000)
  to   space 1024K, 0% used [0x00000000ec080000,0x00000000ec080000,0x00000000ec180000)
 ParOldGen       total 68608K, used 31287K [0x00000000c0000000, 0x00000000c4300000, 0x00000000eab00000)
  object space 68608K, 45% used [0x00000000c0000000,0x00000000c1e8df08,0x00000000c4300000)
 Metaspace       used 50882K, committed 51776K, reserved 1114112K
  class space    used 5356K, committed 5760K, reserved 1048576K
}
Event: 5.705 GC heap after
{Heap after GC invocations=26 (full 2):
 PSYoungGen      total 20992K, used 1024K [0x00000000eab00000, 0x00000000ec180000, 0x0000000100000000)
  eden space 19968K, 0% used [0x00000000eab00000,0x00000000eab00000,0x00000000ebe80000)
  from space 1024K, 100% used [0x00000000ec080000,0x00000000ec180000,0x00000000ec180000)
  to   space 1536K, 0% used [0x00000000ebe80000,0x00000000ebe80000,0x00000000ec000000)
 ParOldGen       total 68608K, used 31989K [0x00000000c0000000, 0x00000000c4300000, 0x00000000eab00000)
  object space 68608K, 46% used [0x00000000c0000000,0x00000000c1f3d6c0,0x00000000c4300000)
 Metaspace       used 50882K, committed 51776K, reserved 1114112K
  class space    used 5356K, committed 5760K, reserved 1048576K
}
Event: 5.926 GC heap before
{Heap before GC invocations=27 (full 2):
 PSYoungGen      total 20992K, used 20992K [0x00000000eab00000, 0x00000000ec180000, 0x0000000100000000)
  eden space 19968K, 100% used [0x00000000eab00000,0x00000000ebe80000,0x00000000ebe80000)
  from space 1024K, 100% used [0x00000000ec080000,0x00000000ec180000,0x00000000ec180000)
  to   space 1536K, 0% used [0x00000000ebe80000,0x00000000ebe80000,0x00000000ec000000)
 ParOldGen       total 68608K, used 31989K [0x00000000c0000000, 0x00000000c4300000, 0x00000000eab00000)
  object space 68608K, 46% used [0x00000000c0000000,0x00000000c1f3d6c0,0x00000000c4300000)
 Metaspace       used 52623K, committed 53632K, reserved 1114112K
  class space    used 5597K, committed 6016K, reserved 1048576K
}
Event: 5.927 GC heap after
{Heap after GC invocations=27 (full 2):
 PSYoungGen      total 21504K, used 672K [0x00000000eab00000, 0x00000000ec100000, 0x0000000100000000)
  eden space 19968K, 0% used [0x00000000eab00000,0x00000000eab00000,0x00000000ebe80000)
  from space 1536K, 43% used [0x00000000ebe80000,0x00000000ebf28000,0x00000000ec000000)
  to   space 1024K, 0% used [0x00000000ec000000,0x00000000ec000000,0x00000000ec100000)
 ParOldGen       total 68608K, used 32847K [0x00000000c0000000, 0x00000000c4300000, 0x00000000eab00000)
  object space 68608K, 47% used [0x00000000c0000000,0x00000000c2013fc8,0x00000000c4300000)
 Metaspace       used 52623K, committed 53632K, reserved 1114112K
  class space    used 5597K, committed 6016K, reserved 1048576K
}
Event: 6.236 GC heap before
{Heap before GC invocations=28 (full 2):
 PSYoungGen      total 21504K, used 20640K [0x00000000eab00000, 0x00000000ec100000, 0x0000000100000000)
  eden space 19968K, 100% used [0x00000000eab00000,0x00000000ebe80000,0x00000000ebe80000)
  from space 1536K, 43% used [0x00000000ebe80000,0x00000000ebf28000,0x00000000ec000000)
  to   space 1024K, 0% used [0x00000000ec000000,0x00000000ec000000,0x00000000ec100000)
 ParOldGen       total 68608K, used 32847K [0x00000000c0000000, 0x00000000c4300000, 0x00000000eab00000)
  object space 68608K, 47% used [0x00000000c0000000,0x00000000c2013fc8,0x00000000c4300000)
 Metaspace       used 54288K, committed 55296K, reserved 1114112K
  class space    used 5813K, committed 6272K, reserved 1048576K
}
Event: 6.238 GC heap after
{Heap after GC invocations=28 (full 2):
 PSYoungGen      total 20992K, used 1024K [0x00000000eab00000, 0x00000000ec180000, 0x0000000100000000)
  eden space 19968K, 0% used [0x00000000eab00000,0x00000000eab00000,0x00000000ebe80000)
  from space 1024K, 100% used [0x00000000ec000000,0x00000000ec100000,0x00000000ec100000)
  to   space 1536K, 0% used [0x00000000ebe80000,0x00000000ebe80000,0x00000000ec000000)
 ParOldGen       total 68608K, used 33383K [0x00000000c0000000, 0x00000000c4300000, 0x00000000eab00000)
  object space 68608K, 48% used [0x00000000c0000000,0x00000000c2099fc8,0x00000000c4300000)
 Metaspace       used 54288K, committed 55296K, reserved 1114112K
  class space    used 5813K, committed 6272K, reserved 1048576K
}
Event: 6.544 GC heap before
{Heap before GC invocations=29 (full 2):
 PSYoungGen      total 20992K, used 20992K [0x00000000eab00000, 0x00000000ec180000, 0x0000000100000000)
  eden space 19968K, 100% used [0x00000000eab00000,0x00000000ebe80000,0x00000000ebe80000)
  from space 1024K, 100% used [0x00000000ec000000,0x00000000ec100000,0x00000000ec100000)
  to   space 1536K, 0% used [0x00000000ebe80000,0x00000000ebe80000,0x00000000ec000000)
 ParOldGen       total 68608K, used 33383K [0x00000000c0000000, 0x00000000c4300000, 0x00000000eab00000)
  object space 68608K, 48% used [0x00000000c0000000,0x00000000c2099fc8,0x00000000c4300000)
 Metaspace       used 56036K, committed 57024K, reserved 1114112K
  class space    used 6003K, committed 6464K, reserved 1048576K
}
Event: 6.546 GC heap after
{Heap after GC invocations=29 (full 2):
 PSYoungGen      total 20992K, used 736K [0x00000000eab00000, 0x00000000ec080000, 0x0000000100000000)
  eden space 19968K, 0% used [0x00000000eab00000,0x00000000eab00000,0x00000000ebe80000)
  from space 1024K, 71% used [0x00000000ebe80000,0x00000000ebf38000,0x00000000ebf80000)
  to   space 1024K, 0% used [0x00000000ebf80000,0x00000000ebf80000,0x00000000ec080000)
 ParOldGen       total 68608K, used 34199K [0x00000000c0000000, 0x00000000c4300000, 0x00000000eab00000)
  object space 68608K, 49% used [0x00000000c0000000,0x00000000c2165fc8,0x00000000c4300000)
 Metaspace       used 56036K, committed 57024K, reserved 1114112K
  class space    used 6003K, committed 6464K, reserved 1048576K
}
Event: 6.668 GC heap before
{Heap before GC invocations=30 (full 2):
 PSYoungGen      total 20992K, used 20704K [0x00000000eab00000, 0x00000000ec080000, 0x0000000100000000)
  eden space 19968K, 100% used [0x00000000eab00000,0x00000000ebe80000,0x00000000ebe80000)
  from space 1024K, 71% used [0x00000000ebe80000,0x00000000ebf38000,0x00000000ebf80000)
  to   space 1024K, 0% used [0x00000000ebf80000,0x00000000ebf80000,0x00000000ec080000)
 ParOldGen       total 68608K, used 34199K [0x00000000c0000000, 0x00000000c4300000, 0x00000000eab00000)
  object space 68608K, 49% used [0x00000000c0000000,0x00000000c2165fc8,0x00000000c4300000)
 Metaspace       used 56754K, committed 57728K, reserved 1114112K
  class space    used 6074K, committed 6528K, reserved 1048576K
}
Event: 6.670 GC heap after
{Heap after GC invocations=30 (full 2):
 PSYoungGen      total 19456K, used 1003K [0x00000000eab00000, 0x00000000ec380000, 0x0000000100000000)
  eden space 18432K, 0% used [0x00000000eab00000,0x00000000eab00000,0x00000000ebd00000)
  from space 1024K, 98% used [0x00000000ebf80000,0x00000000ec07afb8,0x00000000ec080000)
  to   space 2560K, 0% used [0x00000000ebd00000,0x00000000ebd00000,0x00000000ebf80000)
 ParOldGen       total 68608K, used 35127K [0x00000000c0000000, 0x00000000c4300000, 0x00000000eab00000)
  object space 68608K, 51% used [0x00000000c0000000,0x00000000c224df58,0x00000000c4300000)
 Metaspace       used 56754K, committed 57728K, reserved 1114112K
  class space    used 6074K, committed 6528K, reserved 1048576K
}
Event: 6.723 GC heap before
{Heap before GC invocations=31 (full 2):
 PSYoungGen      total 19456K, used 19435K [0x00000000eab00000, 0x00000000ec380000, 0x0000000100000000)
  eden space 18432K, 100% used [0x00000000eab00000,0x00000000ebd00000,0x00000000ebd00000)
  from space 1024K, 98% used [0x00000000ebf80000,0x00000000ec07afb8,0x00000000ec080000)
  to   space 2560K, 0% used [0x00000000ebd00000,0x00000000ebd00000,0x00000000ebf80000)
 ParOldGen       total 68608K, used 35127K [0x00000000c0000000, 0x00000000c4300000, 0x00000000eab00000)
  object space 68608K, 51% used [0x00000000c0000000,0x00000000c224df58,0x00000000c4300000)
 Metaspace       used 56763K, committed 57728K, reserved 1114112K
  class space    used 6074K, committed 6528K, reserved 1048576K
}
Event: 6.724 GC heap after
{Heap after GC invocations=31 (full 2):
 PSYoungGen      total 19968K, used 1118K [0x00000000eab00000, 0x00000000ec000000, 0x0000000100000000)
  eden space 18432K, 0% used [0x00000000eab00000,0x00000000eab00000,0x00000000ebd00000)
  from space 1536K, 72% used [0x00000000ebd00000,0x00000000ebe17988,0x00000000ebe80000)
  to   space 1536K, 0% used [0x00000000ebe80000,0x00000000ebe80000,0x00000000ec000000)
 ParOldGen       total 68608K, used 35763K [0x00000000c0000000, 0x00000000c4300000, 0x00000000eab00000)
  object space 68608K, 52% used [0x00000000c0000000,0x00000000c22ecf78,0x00000000c4300000)
 Metaspace       used 56763K, committed 57728K, reserved 1114112K
  class space    used 6074K, committed 6528K, reserved 1048576K
}
Event: 6.920 GC heap before
{Heap before GC invocations=32 (full 2):
 PSYoungGen      total 19968K, used 12867K [0x00000000eab00000, 0x00000000ec000000, 0x0000000100000000)
  eden space 18432K, 63% used [0x00000000eab00000,0x00000000eb6792f0,0x00000000ebd00000)
  from space 1536K, 72% used [0x00000000ebd00000,0x00000000ebe17988,0x00000000ebe80000)
  to   space 1536K, 0% used [0x00000000ebe80000,0x00000000ebe80000,0x00000000ec000000)
 ParOldGen       total 68608K, used 35763K [0x00000000c0000000, 0x00000000c4300000, 0x00000000eab00000)
  object space 68608K, 52% used [0x00000000c0000000,0x00000000c22ecf78,0x00000000c4300000)
 Metaspace       used 58762K, committed 59776K, reserved 1114112K
  class space    used 6242K, committed 6720K, reserved 1048576K
}
Event: 6.922 GC heap after
{Heap after GC invocations=32 (full 2):
 PSYoungGen      total 19968K, used 1048K [0x00000000eab00000, 0x00000000ec000000, 0x0000000100000000)
  eden space 18432K, 0% used [0x00000000eab00000,0x00000000eab00000,0x00000000ebd00000)
  from space 1536K, 68% used [0x00000000ebe80000,0x00000000ebf861d0,0x00000000ec000000)
  to   space 1536K, 0% used [0x00000000ebd00000,0x00000000ebd00000,0x00000000ebe80000)
 ParOldGen       total 68608K, used 35779K [0x00000000c0000000, 0x00000000c4300000, 0x00000000eab00000)
  object space 68608K, 52% used [0x00000000c0000000,0x00000000c22f0f78,0x00000000c4300000)
 Metaspace       used 58762K, committed 59776K, reserved 1114112K
  class space    used 6242K, committed 6720K, reserved 1048576K
}
Event: 6.922 GC heap before
{Heap before GC invocations=33 (full 3):
 PSYoungGen      total 19968K, used 1048K [0x00000000eab00000, 0x00000000ec000000, 0x0000000100000000)
  eden space 18432K, 0% used [0x00000000eab00000,0x00000000eab00000,0x00000000ebd00000)
  from space 1536K, 68% used [0x00000000ebe80000,0x00000000ebf861d0,0x00000000ec000000)
  to   space 1536K, 0% used [0x00000000ebd00000,0x00000000ebd00000,0x00000000ebe80000)
 ParOldGen       total 68608K, used 35779K [0x00000000c0000000, 0x00000000c4300000, 0x00000000eab00000)
  object space 68608K, 52% used [0x00000000c0000000,0x00000000c22f0f78,0x00000000c4300000)
 Metaspace       used 58762K, committed 59776K, reserved 1114112K
  class space    used 6242K, committed 6720K, reserved 1048576K
}
Event: 6.978 GC heap after
{Heap after GC invocations=33 (full 3):
 PSYoungGen      total 19968K, used 0K [0x00000000eab00000, 0x00000000ec000000, 0x0000000100000000)
  eden space 18432K, 0% used [0x00000000eab00000,0x00000000eab00000,0x00000000ebd00000)
  from space 1536K, 0% used [0x00000000ebe80000,0x00000000ebe80000,0x00000000ec000000)
  to   space 1536K, 0% used [0x00000000ebd00000,0x00000000ebd00000,0x00000000ebe80000)
 ParOldGen       total 68608K, used 31808K [0x00000000c0000000, 0x00000000c4300000, 0x00000000eab00000)
  object space 68608K, 46% used [0x00000000c0000000,0x00000000c1f103d8,0x00000000c4300000)
 Metaspace       used 58744K, committed 59776K, reserved 1114112K
  class space    used 6237K, committed 6720K, reserved 1048576K
}

Dll operation events (10 events):
Event: 0.006 Loaded shared library c:\Users\apal3\.vscode\extensions\redhat.java-1.34.0-win32-x64\jre\17.0.12-win32-x86_64\bin\java.dll
Event: 0.098 Loaded shared library c:\Users\apal3\.vscode\extensions\redhat.java-1.34.0-win32-x64\jre\17.0.12-win32-x86_64\bin\zip.dll
Event: 0.100 Loaded shared library C:\Users\apal3\.vscode\extensions\redhat.java-1.34.0-win32-x64\jre\17.0.12-win32-x86_64\bin\instrument.dll
Event: 0.110 Loaded shared library C:\Users\apal3\.vscode\extensions\redhat.java-1.34.0-win32-x64\jre\17.0.12-win32-x86_64\bin\net.dll
Event: 0.111 Loaded shared library C:\Users\apal3\.vscode\extensions\redhat.java-1.34.0-win32-x64\jre\17.0.12-win32-x86_64\bin\nio.dll
Event: 0.115 Loaded shared library C:\Users\apal3\.vscode\extensions\redhat.java-1.34.0-win32-x64\jre\17.0.12-win32-x86_64\bin\zip.dll
Event: 0.127 Loaded shared library C:\Users\apal3\.vscode\extensions\redhat.java-1.34.0-win32-x64\jre\17.0.12-win32-x86_64\bin\jimage.dll
Event: 0.170 Loaded shared library c:\Users\apal3\.vscode\extensions\redhat.java-1.34.0-win32-x64\jre\17.0.12-win32-x86_64\bin\verify.dll
Event: 1.078 Loaded shared library C:\Users\apal3\AppData\Roaming\Code\User\globalStorage\redhat.java\1.34.0\config_win\org.eclipse.equinox.launcher\org.eclipse.equinox.launcher.win32.win32.x86_64_1.2.1100.v20240722-2106\eclipse_11904.dll
Event: 2.775 Loaded shared library C:\Users\apal3\AppData\Local\Temp\jna-93014745\jna11401897193795387956.dll

Deoptimization events (20 events):
Event: 6.917 Thread 0x0000022b294c44b0 DEOPT PACKING pc=0x0000022b1789a6ac sp=0x000000a39eefe9b0
Event: 6.917 Thread 0x0000022b294c44b0 DEOPT UNPACKING pc=0x0000022b173266a3 sp=0x000000a39eefe930 mode 2
Event: 7.004 Thread 0x0000022b283e7370 Uncommon trap: trap_request=0xffffff6e fr.pc=0x0000022b17bd244c relative=0x00000000000003ac
Event: 7.004 Thread 0x0000022b283e7370 Uncommon trap: reason=loop_limit_check action=maybe_recompile pc=0x0000022b17bd244c method=org.eclipse.jdt.internal.compiler.classfmt.ClassFileStruct.utf8At(II)[C @ 143 c2
Event: 7.004 Thread 0x0000022b283e7370 DEOPT PACKING pc=0x0000022b17bd244c sp=0x000000a39dbfdc70
Event: 7.004 Thread 0x0000022b283e7370 DEOPT UNPACKING pc=0x0000022b173266a3 sp=0x000000a39dbfdc08 mode 2
Event: 7.007 Thread 0x0000022b283e4af0 DEOPT PACKING pc=0x0000022b0ff6c993 sp=0x000000a39dffe990
Event: 7.007 Thread 0x0000022b283e4af0 DEOPT UNPACKING pc=0x0000022b17326e43 sp=0x000000a39dffdec8 mode 0
Event: 7.020 Thread 0x0000022b283e7370 Uncommon trap: trap_request=0xffffffc6 fr.pc=0x0000022b17a33bf8 relative=0x0000000000000678
Event: 7.020 Thread 0x0000022b283e7370 Uncommon trap: reason=bimorphic_or_optimized_type_check action=maybe_recompile pc=0x0000022b17a33bf8 method=java.util.HashMap.putVal(ILjava/lang/Object;Ljava/lang/Object;ZZ)Ljava/lang/Object; @ 203 c2
Event: 7.020 Thread 0x0000022b283e7370 DEOPT PACKING pc=0x0000022b17a33bf8 sp=0x000000a39dbfd600
Event: 7.020 Thread 0x0000022b283e7370 DEOPT UNPACKING pc=0x0000022b173266a3 sp=0x000000a39dbfd570 mode 2
Event: 7.020 Thread 0x0000022b283e7370 Uncommon trap: trap_request=0xffffffc6 fr.pc=0x0000022b17a33bf8 relative=0x0000000000000678
Event: 7.020 Thread 0x0000022b283e7370 Uncommon trap: reason=bimorphic_or_optimized_type_check action=maybe_recompile pc=0x0000022b17a33bf8 method=java.util.HashMap.putVal(ILjava/lang/Object;Ljava/lang/Object;ZZ)Ljava/lang/Object; @ 203 c2
Event: 7.020 Thread 0x0000022b283e7370 DEOPT PACKING pc=0x0000022b17a33bf8 sp=0x000000a39dbfd6e0
Event: 7.020 Thread 0x0000022b283e7370 DEOPT UNPACKING pc=0x0000022b173266a3 sp=0x000000a39dbfd650 mode 2
Event: 7.024 Thread 0x0000022b294c49c0 DEOPT PACKING pc=0x0000022b10819f7d sp=0x000000a39f0fe0a0
Event: 7.024 Thread 0x0000022b294c49c0 DEOPT UNPACKING pc=0x0000022b17326e43 sp=0x000000a39f0fd580 mode 0
Event: 7.092 Thread 0x0000022b294c49c0 DEOPT PACKING pc=0x0000022b107bec0f sp=0x000000a39f0fdee0
Event: 7.092 Thread 0x0000022b294c49c0 DEOPT UNPACKING pc=0x0000022b17326e43 sp=0x000000a39f0fd3c0 mode 0

Classes loaded (20 events):
Event: 6.572 Loading class sun/security/provider/MD5
Event: 6.573 Loading class sun/security/provider/MD5 done
Event: 6.573 Loading class sun/security/provider/ByteArrayAccess$LE
Event: 6.573 Loading class sun/security/provider/ByteArrayAccess$LE done
Event: 6.579 Loading class java/util/stream/MatchOps$MatchKind
Event: 6.580 Loading class java/util/stream/MatchOps$MatchKind done
Event: 6.580 Loading class java/util/stream/MatchOps
Event: 6.581 Loading class java/util/stream/MatchOps done
Event: 6.581 Loading class java/util/stream/MatchOps$MatchOp
Event: 6.581 Loading class java/util/stream/MatchOps$MatchOp done
Event: 6.581 Loading class java/util/stream/MatchOps$BooleanTerminalSink
Event: 6.581 Loading class java/util/stream/MatchOps$BooleanTerminalSink done
Event: 6.582 Loading class java/util/stream/MatchOps$1MatchSink
Event: 6.582 Loading class java/util/stream/MatchOps$1MatchSink done
Event: 6.882 Loading class java/util/stream/ReduceOps$4
Event: 6.882 Loading class java/util/stream/ReduceOps$4 done
Event: 6.883 Loading class java/util/stream/ReduceOps$4ReducingSink
Event: 6.884 Loading class java/util/stream/ReduceOps$4ReducingSink done
Event: 6.893 Loading class java/nio/file/Files$2
Event: 6.893 Loading class java/nio/file/Files$2 done

Classes unloaded (17 events):
Event: 3.801 Thread 0x0000022b0d1b9970 Unloading class 0x0000000100250400 'java/lang/invoke/LambdaForm$MH+0x0000000100250400'
Event: 3.801 Thread 0x0000022b0d1b9970 Unloading class 0x0000000100250000 'java/lang/invoke/LambdaForm$MH+0x0000000100250000'
Event: 3.801 Thread 0x0000022b0d1b9970 Unloading class 0x000000010024fc00 'java/lang/invoke/LambdaForm$MH+0x000000010024fc00'
Event: 3.801 Thread 0x0000022b0d1b9970 Unloading class 0x000000010024f800 'java/lang/invoke/LambdaForm$MH+0x000000010024f800'
Event: 3.801 Thread 0x0000022b0d1b9970 Unloading class 0x000000010024f400 'java/lang/invoke/LambdaForm$BMH+0x000000010024f400'
Event: 3.801 Thread 0x0000022b0d1b9970 Unloading class 0x000000010024f000 'java/lang/invoke/LambdaForm$DMH+0x000000010024f000'
Event: 3.801 Thread 0x0000022b0d1b9970 Unloading class 0x000000010024c400 'java/lang/invoke/LambdaForm$DMH+0x000000010024c400'
Event: 6.932 Thread 0x0000022b0d1b9970 Unloading class 0x0000000100455800 'java/lang/invoke/LambdaForm$MH+0x0000000100455800'
Event: 6.932 Thread 0x0000022b0d1b9970 Unloading class 0x0000000100455000 'java/lang/invoke/LambdaForm$MH+0x0000000100455000'
Event: 6.932 Thread 0x0000022b0d1b9970 Unloading class 0x0000000100454800 'java/lang/invoke/LambdaForm$MH+0x0000000100454800'
Event: 6.932 Thread 0x0000022b0d1b9970 Unloading class 0x0000000100453c00 'java/lang/invoke/LambdaForm$MH+0x0000000100453c00'
Event: 6.932 Thread 0x0000022b0d1b9970 Unloading class 0x0000000100453800 'java/lang/invoke/LambdaForm$DMH+0x0000000100453800'
Event: 6.932 Thread 0x0000022b0d1b9970 Unloading class 0x0000000100452c00 'java/lang/invoke/LambdaForm$MH+0x0000000100452c00'
Event: 6.932 Thread 0x0000022b0d1b9970 Unloading class 0x0000000100452400 'java/lang/invoke/LambdaForm$MH+0x0000000100452400'
Event: 6.932 Thread 0x0000022b0d1b9970 Unloading class 0x000000010044ac00 'java/lang/invoke/LambdaForm$MH+0x000000010044ac00'
Event: 6.932 Thread 0x0000022b0d1b9970 Unloading class 0x000000010044a000 'java/lang/invoke/LambdaForm$MH+0x000000010044a000'
Event: 6.932 Thread 0x0000022b0d1b9970 Unloading class 0x0000000100449800 'java/lang/invoke/LambdaForm$MH+0x0000000100449800'

Classes redefined (0 events):
No events

Internal exceptions (20 events):
Event: 5.604 Thread 0x0000022b283e7370 Exception <a 'sun/nio/fs/WindowsException'{0x00000000eb741148}> (0x00000000eb741148) 
thrown [s\src\hotspot\share\prims\jni.cpp, line 516]
Event: 5.610 Thread 0x0000022b283e7370 Exception <a 'sun/nio/fs/WindowsException'{0x00000000eb863500}> (0x00000000eb863500) 
thrown [s\src\hotspot\share\prims\jni.cpp, line 516]
Event: 5.615 Thread 0x0000022b283e7370 Exception <a 'sun/nio/fs/WindowsException'{0x00000000eb873348}> (0x00000000eb873348) 
thrown [s\src\hotspot\share\prims\jni.cpp, line 516]
Event: 5.621 Thread 0x0000022b283e7370 Exception <a 'sun/nio/fs/WindowsException'{0x00000000eb883198}> (0x00000000eb883198) 
thrown [s\src\hotspot\share\prims\jni.cpp, line 516]
Event: 5.627 Thread 0x0000022b283e7370 Exception <a 'sun/nio/fs/WindowsException'{0x00000000eb892fb0}> (0x00000000eb892fb0) 
thrown [s\src\hotspot\share\prims\jni.cpp, line 516]
Event: 5.632 Thread 0x0000022b283e7370 Exception <a 'sun/nio/fs/WindowsException'{0x00000000eb9b8c40}> (0x00000000eb9b8c40) 
thrown [s\src\hotspot\share\prims\jni.cpp, line 516]
Event: 5.638 Thread 0x0000022b283e7370 Exception <a 'sun/nio/fs/WindowsException'{0x00000000eb9c8a98}> (0x00000000eb9c8a98) 
thrown [s\src\hotspot\share\prims\jni.cpp, line 516]
Event: 5.644 Thread 0x0000022b283e7370 Exception <a 'sun/nio/fs/WindowsException'{0x00000000eb9d8938}> (0x00000000eb9d8938) 
thrown [s\src\hotspot\share\prims\jni.cpp, line 516]
Event: 5.649 Thread 0x0000022b283e7370 Exception <a 'sun/nio/fs/WindowsException'{0x00000000ebac9fa8}> (0x00000000ebac9fa8) 
thrown [s\src\hotspot\share\prims\jni.cpp, line 516]
Event: 5.650 Thread 0x0000022b283e7370 Exception <a 'sun/nio/fs/WindowsException'{0x00000000ebacaf78}> (0x00000000ebacaf78) 
thrown [s\src\hotspot\share\prims\jni.cpp, line 516]
Event: 5.659 Thread 0x0000022b283e7370 Exception <a 'sun/nio/fs/WindowsException'{0x00000000ebad8210}> (0x00000000ebad8210) 
thrown [s\src\hotspot\share\prims\jni.cpp, line 516]
Event: 5.839 Thread 0x0000022b283e5f30 Exception <a 'java/lang/ExceptionInInitializerError'{0x00000000eb60db08}> (0x00000000eb60db08) 
thrown [s\src\hotspot\share\oops\instanceKlass.cpp, line 1218]
Event: 5.873 Thread 0x0000022b283e5f30 Implicit null exception at 0x0000022b1799202f to 0x0000022b179921bc
Event: 5.873 Thread 0x0000022b283e5f30 Implicit null exception at 0x0000022b17903e09 to 0x0000022b17904ffc
Event: 5.876 Thread 0x0000022b283e5f30 Exception <a 'java/lang/NoSuchMethodError'{0x00000000eb980130}: 'java.lang.Object java.lang.invoke.Invokers$Holder.invokeExact_MT(java.lang.Object, int, java.lang.Object)'> (0x00000000eb980130) 
thrown [s\src\hotspot\share\interpreter\linkResolver.cpp, line 759]
Event: 6.255 Thread 0x0000022b283e5f30 Exception <a 'java/lang/NoClassDefFoundError'{0x00000000eac865d8}: com/google/inject/servlet/ServletModuleTargetVisitor> (0x00000000eac865d8) 
thrown [s\src\hotspot\share\classfile\systemDictionary.cpp, line 245]
Event: 6.896 Thread 0x0000022b283e7370 Exception <a 'java/lang/NoSuchMethodError'{0x00000000eb4c69c0}: 'int java.lang.invoke.DirectMethodHandle$Holder.invokeSpecialIFC(java.lang.Object, java.lang.Object, java.lang.Object)'> (0x00000000eb4c69c0) 
thrown [s\src\hotspot\share\interpreter\linkResolver.cpp, line 759]
Event: 6.909 Thread 0x0000022b294c44b0 Exception <a 'java/io/FileNotFoundException'{0x00000000eb56d7b0}> (0x00000000eb56d7b0) 
thrown [s\src\hotspot\share\prims\jni.cpp, line 516]
Event: 6.909 Thread 0x0000022b294c44b0 Exception <a 'java/io/FileNotFoundException'{0x00000000eb56e7a8}> (0x00000000eb56e7a8) 
thrown [s\src\hotspot\share\prims\jni.cpp, line 516]
Event: 6.909 Thread 0x0000022b294c44b0 Exception <a 'java/io/FileNotFoundException'{0x00000000eb576100}> (0x00000000eb576100) 
thrown [s\src\hotspot\share\prims\jni.cpp, line 516]

VM Operations (20 events):
Event: 6.236 Executing VM operation: ParallelGCFailedAllocation
Event: 6.238 Executing VM operation: ParallelGCFailedAllocation done
Event: 6.417 Executing VM operation: HandshakeAllThreads
Event: 6.417 Executing VM operation: HandshakeAllThreads done
Event: 6.421 Executing VM operation: HandshakeAllThreads
Event: 6.421 Executing VM operation: HandshakeAllThreads done
Event: 6.544 Executing VM operation: ParallelGCFailedAllocation
Event: 6.546 Executing VM operation: ParallelGCFailedAllocation done
Event: 6.668 Executing VM operation: ParallelGCFailedAllocation
Event: 6.670 Executing VM operation: ParallelGCFailedAllocation done
Event: 6.722 Executing VM operation: ParallelGCFailedAllocation
Event: 6.724 Executing VM operation: ParallelGCFailedAllocation done
Event: 6.859 Executing VM operation: HandshakeAllThreads
Event: 6.860 Executing VM operation: HandshakeAllThreads done
Event: 6.883 Executing VM operation: HandshakeAllThreads
Event: 6.883 Executing VM operation: HandshakeAllThreads done
Event: 6.919 Executing VM operation: CollectForMetadataAllocation
Event: 6.978 Executing VM operation: CollectForMetadataAllocation done
Event: 7.047 Executing VM operation: HandshakeAllThreads
Event: 7.047 Executing VM operation: HandshakeAllThreads done

Events (20 events):
Event: 5.109 Thread 0x0000022b20f9df80 flushing nmethod 0x0000022b107e5010
Event: 5.109 Thread 0x0000022b20f9df80 flushing nmethod 0x0000022b107f1e10
Event: 5.109 Thread 0x0000022b20f9df80 flushing nmethod 0x0000022b107f3110
Event: 5.109 Thread 0x0000022b20f9df80 flushing nmethod 0x0000022b107f3490
Event: 5.109 Thread 0x0000022b20f9df80 flushing nmethod 0x0000022b107f4290
Event: 5.109 Thread 0x0000022b20f9df80 flushing nmethod 0x0000022b10802890
Event: 5.109 Thread 0x0000022b20f9df80 flushing nmethod 0x0000022b10802c10
Event: 5.109 Thread 0x0000022b20f9df80 flushing nmethod 0x0000022b10803010
Event: 5.109 Thread 0x0000022b20f9df80 flushing nmethod 0x0000022b10805e10
Event: 5.692 Thread 0x0000022b294c2140 Thread added: 0x0000022b294c2140
Event: 5.692 Thread 0x0000022b294c3580 Thread added: 0x0000022b294c3580
Event: 5.692 Thread 0x0000022b294c6d30 Thread added: 0x0000022b294c6d30
Event: 5.692 Thread 0x0000022b294c3a90 Thread added: 0x0000022b294c3a90
Event: 5.692 Thread 0x0000022b294c58f0 Thread added: 0x0000022b294c58f0
Event: 5.692 Thread 0x0000022b294c4ed0 Thread added: 0x0000022b294c4ed0
Event: 5.692 Thread 0x0000022b294c53e0 Thread added: 0x0000022b294c53e0
Event: 5.692 Thread 0x0000022b294c5e00 Thread added: 0x0000022b294c5e00
Event: 5.693 Thread 0x0000022b294c8170 Thread added: 0x0000022b294c8170
Event: 5.693 Thread 0x0000022b294c0d00 Thread added: 0x0000022b294c0d00
Event: 6.905 Thread 0x0000022b2bbdfe50 Thread added: 0x0000022b2bbdfe50


Dynamic libraries:
0x00007ff7cb670000 - 0x00007ff7cb67e000 	c:\Users\apal3\.vscode\extensions\redhat.java-1.34.0-win32-x64\jre\17.0.12-win32-x86_64\bin\java.exe
0x00007ffa68210000 - 0x00007ffa68427000 	C:\windows\SYSTEM32\ntdll.dll
0x00007ffa67840000 - 0x00007ffa67904000 	C:\windows\System32\KERNEL32.DLL
0x00007ffa65900000 - 0x00007ffa65cad000 	C:\windows\System32\KERNELBASE.dll
0x00007ffa65530000 - 0x00007ffa65641000 	C:\windows\System32\ucrtbase.dll
0x00007ffa41000000 - 0x00007ffa41017000 	c:\Users\apal3\.vscode\extensions\redhat.java-1.34.0-win32-x64\jre\17.0.12-win32-x86_64\bin\jli.dll
0x00007ffa40f70000 - 0x00007ffa40f8b000 	c:\Users\apal3\.vscode\extensions\redhat.java-1.34.0-win32-x64\jre\17.0.12-win32-x86_64\bin\VCRUNTIME140.dll
0x00007ffa67920000 - 0x00007ffa67ace000 	C:\windows\System32\USER32.dll
0x00007ffa656f0000 - 0x00007ffa65716000 	C:\windows\System32\win32u.dll
0x00007ffa410a0000 - 0x00007ffa41333000 	C:\windows\WinSxS\amd64_microsoft.windows.common-controls_6595b64144ccf1df_6.0.22621.3672_none_2713b9d173822955\COMCTL32.dll
0x00007ffa66810000 - 0x00007ffa66839000 	C:\windows\System32\GDI32.dll
0x00007ffa67ae0000 - 0x00007ffa67b87000 	C:\windows\System32\msvcrt.dll
0x00007ffa657e0000 - 0x00007ffa658f9000 	C:\windows\System32\gdi32full.dll
0x00007ffa65650000 - 0x00007ffa656ea000 	C:\windows\System32\msvcp_win.dll
0x00007ffa67720000 - 0x00007ffa67751000 	C:\windows\System32\IMM32.DLL
0x00007ffa59790000 - 0x00007ffa5979c000 	c:\Users\apal3\.vscode\extensions\redhat.java-1.34.0-win32-x64\jre\17.0.12-win32-x86_64\bin\vcruntime140_1.dll
0x00007ffa254b0000 - 0x00007ffa2553d000 	c:\Users\apal3\.vscode\extensions\redhat.java-1.34.0-win32-x64\jre\17.0.12-win32-x86_64\bin\msvcp140.dll
0x00007ff9e7750000 - 0x00007ff9e83ba000 	c:\Users\apal3\.vscode\extensions\redhat.java-1.34.0-win32-x64\jre\17.0.12-win32-x86_64\bin\server\jvm.dll
0x00007ffa67ee0000 - 0x00007ffa67f92000 	C:\windows\System32\ADVAPI32.dll
0x00007ffa67fa0000 - 0x00007ffa68049000 	C:\windows\System32\sechost.dll
0x00007ffa65cb0000 - 0x00007ffa65cd8000 	C:\windows\System32\bcrypt.dll
0x00007ffa67c00000 - 0x00007ffa67d14000 	C:\windows\System32\RPCRT4.dll
0x00007ffa67dd0000 - 0x00007ffa67e41000 	C:\windows\System32\WS2_32.dll
0x00007ffa563a0000 - 0x00007ffa563aa000 	C:\windows\SYSTEM32\VERSION.dll
0x00007ffa65400000 - 0x00007ffa6544d000 	C:\windows\SYSTEM32\POWRPROF.dll
0x00007ffa5b080000 - 0x00007ffa5b0b4000 	C:\windows\SYSTEM32\WINMM.dll
0x00007ffa65330000 - 0x00007ffa65343000 	C:\windows\SYSTEM32\UMPDC.dll
0x00007ffa64540000 - 0x00007ffa64558000 	C:\windows\SYSTEM32\kernel.appcore.dll
0x00007ffa546b0000 - 0x00007ffa546ba000 	c:\Users\apal3\.vscode\extensions\redhat.java-1.34.0-win32-x64\jre\17.0.12-win32-x86_64\bin\jimage.dll
0x00007ffa62dd0000 - 0x00007ffa63002000 	C:\windows\SYSTEM32\DBGHELP.DLL
0x00007ffa66df0000 - 0x00007ffa6717e000 	C:\windows\System32\combase.dll
0x00007ffa66af0000 - 0x00007ffa66bc7000 	C:\windows\System32\OLEAUT32.dll
0x00007ffa55d30000 - 0x00007ffa55d62000 	C:\windows\SYSTEM32\dbgcore.DLL
0x00007ffa65ce0000 - 0x00007ffa65d5b000 	C:\windows\System32\bcryptPrimitives.dll
0x00007ffa54530000 - 0x00007ffa5453e000 	c:\Users\apal3\.vscode\extensions\redhat.java-1.34.0-win32-x64\jre\17.0.12-win32-x86_64\bin\instrument.dll
0x00007ffa35020000 - 0x00007ffa35045000 	c:\Users\apal3\.vscode\extensions\redhat.java-1.34.0-win32-x64\jre\17.0.12-win32-x86_64\bin\java.dll
0x00007ffa36cc0000 - 0x00007ffa36cd8000 	c:\Users\apal3\.vscode\extensions\redhat.java-1.34.0-win32-x64\jre\17.0.12-win32-x86_64\bin\zip.dll
0x00007ffa65f40000 - 0x00007ffa667a7000 	C:\windows\System32\SHELL32.dll
0x00007ffa63460000 - 0x00007ffa63d5f000 	C:\windows\SYSTEM32\windows.storage.dll
0x00007ffa63320000 - 0x00007ffa6345f000 	C:\windows\SYSTEM32\wintypes.dll
0x00007ffa669f0000 - 0x00007ffa66ae9000 	C:\windows\System32\SHCORE.dll
0x00007ffa67b90000 - 0x00007ffa67bee000 	C:\windows\System32\shlwapi.dll
0x00007ffa65460000 - 0x00007ffa65487000 	C:\windows\SYSTEM32\profapi.dll
0x00007ffa35000000 - 0x00007ffa35019000 	C:\Users\apal3\.vscode\extensions\redhat.java-1.34.0-win32-x64\jre\17.0.12-win32-x86_64\bin\net.dll
0x00007ffa60bc0000 - 0x00007ffa60cf6000 	C:\windows\SYSTEM32\WINHTTP.dll
0x00007ffa649b0000 - 0x00007ffa64a19000 	C:\windows\system32\mswsock.dll
0x00007ffa34c30000 - 0x00007ffa34c46000 	C:\Users\apal3\.vscode\extensions\redhat.java-1.34.0-win32-x64\jre\17.0.12-win32-x86_64\bin\nio.dll
0x00007ffa51d00000 - 0x00007ffa51d10000 	c:\Users\apal3\.vscode\extensions\redhat.java-1.34.0-win32-x64\jre\17.0.12-win32-x86_64\bin\verify.dll
0x00007ffa2eca0000 - 0x00007ffa2ece5000 	C:\Users\apal3\AppData\Roaming\Code\User\globalStorage\redhat.java\1.34.0\config_win\org.eclipse.equinox.launcher\org.eclipse.equinox.launcher.win32.win32.x86_64_1.2.1100.v20240722-2106\eclipse_11904.dll
0x00007ffa66840000 - 0x00007ffa669e5000 	C:\windows\System32\ole32.dll
0x00007ffa64bb0000 - 0x00007ffa64bcb000 	C:\windows\SYSTEM32\CRYPTSP.dll
0x00007ffa644a0000 - 0x00007ffa644d5000 	C:\windows\system32\rsaenh.dll
0x00007ffa64a50000 - 0x00007ffa64a78000 	C:\windows\SYSTEM32\USERENV.dll
0x00007ffa64bd0000 - 0x00007ffa64bdc000 	C:\windows\SYSTEM32\CRYPTBASE.dll
0x00007ffa63fc0000 - 0x00007ffa63fed000 	C:\windows\SYSTEM32\IPHLPAPI.DLL
0x00007ffa67910000 - 0x00007ffa67919000 	C:\windows\System32\NSI.dll
0x00007ffa609d0000 - 0x00007ffa609e9000 	C:\windows\SYSTEM32\dhcpcsvc6.DLL
0x00007ffa609b0000 - 0x00007ffa609cf000 	C:\windows\SYSTEM32\dhcpcsvc.DLL
0x00007ffa63ff0000 - 0x00007ffa640e8000 	C:\windows\SYSTEM32\DNSAPI.dll
0x00007ffa2b5f0000 - 0x00007ffa2b635000 	C:\Users\apal3\AppData\Local\Temp\jna-93014745\jna11401897193795387956.dll
0x00007ffa677e0000 - 0x00007ffa677e8000 	C:\windows\System32\PSAPI.DLL
0x00007ffa64560000 - 0x00007ffa64594000 	C:\windows\SYSTEM32\ntmarta.dll

dbghelp: loaded successfully - version: 4.0.5 - missing functions: none
symbol engine: initialized successfully - sym options: 0x614 - pdb path: .;c:\Users\apal3\.vscode\extensions\redhat.java-1.34.0-win32-x64\jre\17.0.12-win32-x86_64\bin;C:\windows\SYSTEM32;C:\windows\WinSxS\amd64_microsoft.windows.common-controls_6595b64144ccf1df_6.0.22621.3672_none_2713b9d173822955;c:\Users\apal3\.vscode\extensions\redhat.java-1.34.0-win32-x64\jre\17.0.12-win32-x86_64\bin\server;C:\Users\apal3\AppData\Roaming\Code\User\globalStorage\redhat.java\1.34.0\config_win\org.eclipse.equinox.launcher\org.eclipse.equinox.launcher.win32.win32.x86_64_1.2.1100.v20240722-2106;C:\Users\apal3\AppData\Local\Temp\jna-93014745

VM Arguments:
jvm_args: --add-modules=ALL-SYSTEM --add-opens=java.base/java.util=ALL-UNNAMED --add-opens=java.base/java.lang=ALL-UNNAMED --add-opens=java.base/sun.nio.fs=ALL-UNNAMED -Declipse.application=org.eclipse.jdt.ls.core.id1 -Dosgi.bundles.defaultStartLevel=4 -Declipse.product=org.eclipse.jdt.ls.core.product -Djava.import.generatesMetadataFilesAtProjectRoot=false -DDetectVMInstallationsJob.disabled=true -Dfile.encoding=utf8 -XX:+UseParallelGC -XX:GCTimeRatio=4 -XX:AdaptiveSizePolicyWeight=90 -Dsun.zip.disableMemoryMapping=true -Xmx1G -Xms100m -Xlog:disable -javaagent:c:\Users\apal3\.vscode\extensions\redhat.java-1.34.0-win32-x64\lombok\lombok-1.18.33.jar -XX:+HeapDumpOnOutOfMemoryError -XX:HeapDumpPath=c:\Users\apal3\AppData\Roaming\Code\User\workspaceStorage\16d77dc4bfb3e2b917581c5b5e4e9aac\redhat.java -Daether.dependencyCollector.impl=bf 
java_command: c:\Users\apal3\.vscode\extensions\redhat.java-1.34.0-win32-x64\server\plugins\org.eclipse.equinox.launcher_1.6.900.v20240613-2009.jar -configuration c:\Users\apal3\AppData\Roaming\Code\User\globalStorage\redhat.java\1.34.0\config_win -data c:\Users\apal3\AppData\Roaming\Code\User\workspaceStorage\16d77dc4bfb3e2b917581c5b5e4e9aac\redhat.java\jdt_ws --pipe=\\.\pipe\lsp-6c77e350ef8c5b44732ffd9416f6170c-sock
java_class_path (initial): c:\Users\apal3\.vscode\extensions\redhat.java-1.34.0-win32-x64\server\plugins\org.eclipse.equinox.launcher_1.6.900.v20240613-2009.jar
Launcher Type: SUN_STANDARD

[Global flags]
    uintx AdaptiveSizePolicyWeight                 = 90                                        {product} {command line}
     intx CICompilerCount                          = 4                                         {product} {ergonomic}
    uintx GCTimeRatio                              = 4                                         {product} {command line}
     bool HeapDumpOnOutOfMemoryError               = true                                   {manageable} {command line}
    ccstr HeapDumpPath                             = c:\Users\apal3\AppData\Roaming\Code\User\workspaceStorage\16d77dc4bfb3e2b917581c5b5e4e9aac\redhat.java         {manageable} {command line}
   size_t InitialHeapSize                          = 104857600                                 {product} {command line}
   size_t MaxHeapSize                              = 1073741824                                {product} {command line}
   size_t MaxNewSize                               = 357564416                                 {product} {ergonomic}
   size_t MinHeapDeltaBytes                        = 524288                                    {product} {ergonomic}
   size_t MinHeapSize                              = 104857600                                 {product} {command line}
   size_t NewSize                                  = 34603008                                  {product} {ergonomic}
    uintx NonNMethodCodeHeapSize                   = 5839372                                {pd product} {ergonomic}
    uintx NonProfiledCodeHeapSize                  = 122909434                              {pd product} {ergonomic}
   size_t OldSize                                  = 70254592                                  {product} {ergonomic}
    uintx ProfiledCodeHeapSize                     = 122909434                              {pd product} {ergonomic}
    uintx ReservedCodeCacheSize                    = 251658240                              {pd product} {ergonomic}
     bool SegmentedCodeCache                       = true                                      {product} {ergonomic}
   size_t SoftMaxHeapSize                          = 1073741824                             {manageable} {ergonomic}
     bool UseCompressedClassPointers               = true                           {product lp64_product} {ergonomic}
     bool UseCompressedOops                        = true                           {product lp64_product} {ergonomic}
     bool UseLargePagesIndividualAllocation        = false                                  {pd product} {ergonomic}
     bool UseParallelGC                            = true                                      {product} {command line}

Logging:
Log output configuration:
 #0: stdout all=off uptime,level,tags
 #1: stderr all=off uptime,level,tags

Environment Variables:
PATH=C:\Program Files\Common Files\Oracle\Java\javapath;C:\windows\system32;C:\windows;C:\windows\System32\Wbem;C:\windows\System32\WindowsPowerShell\v1.0\;C:\windows\System32\OpenSSH\;C:\Program Files\Git\cmd;C:\Program Files\nodejs\;C:\Program Files\MySQL\MySQL Server 8.0\bin;C:\Program Files\MySQL\MySQL Shell 8.0\bin\;C:\Users\apal3\AppData\Local\Microsoft\WindowsApps;C:\Users\apal3\AppData\Local\Programs\Microsoft VS Code\bin;C:\Users\apal3\AppData\Roaming\npm
USERNAME=apal3
OS=Windows_NT
PROCESSOR_IDENTIFIER=Intel64 Family 6 Model 154 Stepping 4, GenuineIntel
TMP=C:\Users\apal3\AppData\Local\Temp
TEMP=C:\Users\apal3\AppData\Local\Temp



Periodic native trim disabled


---------------  S Y S T E M  ---------------

OS:
 Windows 11 , 64 bit Build 22621 (10.0.22621.3958)
OS uptime: 1 days 15:19 hours
Hyper-V role detected

CPU: total 12 (initial active 12) (6 cores per cpu, 2 threads per core) family 6 model 154 stepping 4 microcode 0x432, cx8, cmov, fxsr, ht, mmx, 3dnowpref, sse, sse2, sse3, ssse3, sse4.1, sse4.2, popcnt, lzcnt, tsc, tscinvbit, avx, avx2, aes, erms, clmul, bmi1, bmi2, adx, sha, fma, vzeroupper, clflush, clflushopt, clwb, hv
Processor Information for processor 0
  Max Mhz: 1300, Current Mhz: 1300, Mhz Limit: 1300
Processor Information for processor 1
  Max Mhz: 1300, Current Mhz: 1300, Mhz Limit: 1300
Processor Information for processor 2
  Max Mhz: 1300, Current Mhz: 1300, Mhz Limit: 1300
Processor Information for processor 3
  Max Mhz: 1300, Current Mhz: 1300, Mhz Limit: 1300
Processor Information for processor 4
  Max Mhz: 1300, Current Mhz: 900, Mhz Limit: 897
Processor Information for processor 5
  Max Mhz: 1300, Current Mhz: 900, Mhz Limit: 897
Processor Information for processor 6
  Max Mhz: 1300, Current Mhz: 900, Mhz Limit: 897
Processor Information for processor 7
  Max Mhz: 1300, Current Mhz: 900, Mhz Limit: 897
Processor Information for processor 8
  Max Mhz: 1300, Current Mhz: 900, Mhz Limit: 897
Processor Information for processor 9
  Max Mhz: 1300, Current Mhz: 900, Mhz Limit: 897
Processor Information for processor 10
  Max Mhz: 1300, Current Mhz: 900, Mhz Limit: 897
Processor Information for processor 11
  Max Mhz: 1300, Current Mhz: 900, Mhz Limit: 897

Memory: 4k page, system-wide physical 7863M (367M free)
TotalPageFile size 27290M (AvailPageFile size 0M)
current process WorkingSet (physical memory assigned to process): 242M, peak: 250M
current process commit charge ("private bytes"): 322M, peak: 332M

vm_info: OpenJDK 64-Bit Server VM (17.0.12+7) for windows-amd64 JRE (17.0.12+7), built on Jul 16 2024 22:08:24 by "admin" with MS VC++ 16.10 / 16.11 (VS2019)

END.
